<?xml version="1.0" encoding="UTF-8"?>
<!-- Generated by org.testng.reporters.JUnitReportReporter -->
<testsuite skipped="0" hostname="A2ML20178" name="mosip.api.scripts.ida_module" tests="24" failures="2" timestamp="09 Dec 2018 13:28:35 GMT" time="5.455" errors="0">
  <testcase name="init" time="0.002" classname="mosip.api.scripts.ida_module"/>
  <testcase name="init1" time="0.076" classname="mosip.api.scripts.ida_module"/>
  <testcase name="init1" time="0.178" classname="mosip.api.scripts.ida_module"/>
  <testcase name="init" time="0.046" classname="mosip.api.scripts.ida_module"/>
  <testcase name="init1" time="0.167" classname="mosip.api.scripts.ida_module">
    <failure type="java.lang.AssertionError" message="expected [FINISHED] but found [FAILED]">
      <![CDATA[java.lang.AssertionError: expected [FINISHED] but found [FAILED]
	at org.testng.Assert.fail(Assert.java:93)
	at org.testng.Assert.failNotEquals(Assert.java:512)
	at org.testng.Assert.assertEqualsImpl(Assert.java:134)
	at org.testng.Assert.assertEquals(Assert.java:115)
	at org.testng.Assert.assertEquals(Assert.java:178)
	at mosip.api.scripts.ida_module.init1(ida_module.java:294)
	at sun.reflect.NativeMethodAccessorImpl.invoke0(Native Method)
	at sun.reflect.NativeMethodAccessorImpl.invoke(NativeMethodAccessorImpl.java:62)
	at sun.reflect.DelegatingMethodAccessorImpl.invoke(DelegatingMethodAccessorImpl.java:43)
	at java.lang.reflect.Method.invoke(Method.java:497)
	at org.testng.internal.MethodInvocationHelper.invokeMethod(MethodInvocationHelper.java:108)
	at org.testng.internal.Invoker.invokeMethod(Invoker.java:661)
	at org.testng.internal.Invoker.invokeTestMethod(Invoker.java:869)
	at org.testng.internal.Invoker.invokeTestMethods(Invoker.java:1193)
	at org.testng.internal.TestMethodWorker.invokeTestMethods(TestMethodWorker.java:126)
	at org.testng.internal.TestMethodWorker.run(TestMethodWorker.java:109)
	at org.testng.TestRunner.privateRun(TestRunner.java:744)
	at org.testng.TestRunner.run(TestRunner.java:602)
	at org.testng.SuiteRunner.runTest(SuiteRunner.java:380)
	at org.testng.SuiteRunner.runSequentially(SuiteRunner.java:375)
	at org.testng.SuiteRunner.privateRun(SuiteRunner.java:340)
	at org.testng.SuiteRunner.run(SuiteRunner.java:289)
	at org.testng.SuiteRunnerWorker.runSuite(SuiteRunnerWorker.java:52)
	at org.testng.SuiteRunnerWorker.run(SuiteRunnerWorker.java:86)
	at org.testng.TestNG.runSuitesSequentially(TestNG.java:1301)
	at org.testng.TestNG.runSuitesLocally(TestNG.java:1226)
	at org.testng.TestNG.runSuites(TestNG.java:1144)
	at org.testng.TestNG.run(TestNG.java:1115)
	at org.testng.remote.AbstractRemoteTestNG.run(AbstractRemoteTestNG.java:126)
	at org.testng.remote.RemoteTestNG.initAndRun(RemoteTestNG.java:152)
	at org.testng.remote.RemoteTestNG.main(RemoteTestNG.java:57)
]]>
    </failure>
  </testcase> <!-- init1 -->
  <testcase name="init" time="0.081" classname="mosip.api.scripts.ida_module"/>
  <testcase name="init1" time="0.083" classname="mosip.api.scripts.ida_module"/>
  <testcase name="init" time="0.170" classname="mosip.api.scripts.ida_module"/>
  <testcase name="init1" time="0.198" classname="mosip.api.scripts.ida_module"/>
  <testcase name="init" time="0.104" classname="mosip.api.scripts.ida_module"/>
  <testcase name="init" time="1.198" classname="mosip.api.scripts.ida_module"/>
  <testcase name="init1" time="0.128" classname="mosip.api.scripts.ida_module"/>
  <testcase name="init1" time="0.164" classname="mosip.api.scripts.ida_module"/>
  <testcase name="init1" time="0.165" classname="mosip.api.scripts.ida_module"/>
  <testcase name="init" time="0.083" classname="mosip.api.scripts.ida_module"/>
  <testcase name="init" time="0.088" classname="mosip.api.scripts.ida_module"/>
  <testcase name="init" time="0.084" classname="mosip.api.scripts.ida_module"/>
  <testcase name="init" time="0.791" classname="mosip.api.scripts.ida_module"/>
  <testcase name="init" time="0.396" classname="mosip.api.scripts.ida_module">
    <failure type="java.lang.AssertionError" message="expected [FINISHED] but found [FAILED]">
      <![CDATA[java.lang.AssertionError: expected [FINISHED] but found [FAILED]
	at org.testng.Assert.fail(Assert.java:93)
	at org.testng.Assert.failNotEquals(Assert.java:512)
	at org.testng.Assert.assertEqualsImpl(Assert.java:134)
	at org.testng.Assert.assertEquals(Assert.java:115)
	at org.testng.Assert.assertEquals(Assert.java:178)
	at mosip.api.scripts.ida_module.init(ida_module.java:157)
	at sun.reflect.NativeMethodAccessorImpl.invoke0(Native Method)
	at sun.reflect.NativeMethodAccessorImpl.invoke(NativeMethodAccessorImpl.java:62)
	at sun.reflect.DelegatingMethodAccessorImpl.invoke(DelegatingMethodAccessorImpl.java:43)
	at java.lang.reflect.Method.invoke(Method.java:497)
	at org.testng.internal.MethodInvocationHelper.invokeMethod(MethodInvocationHelper.java:108)
	at org.testng.internal.Invoker.invokeMethod(Invoker.java:661)
	at org.testng.internal.Invoker.invokeTestMethod(Invoker.java:869)
	at org.testng.internal.Invoker.invokeTestMethods(Invoker.java:1193)
	at org.testng.internal.TestMethodWorker.invokeTestMethods(TestMethodWorker.java:126)
	at org.testng.internal.TestMethodWorker.run(TestMethodWorker.java:109)
	at org.testng.TestRunner.privateRun(TestRunner.java:744)
	at org.testng.TestRunner.run(TestRunner.java:602)
	at org.testng.SuiteRunner.runTest(SuiteRunner.java:380)
	at org.testng.SuiteRunner.runSequentially(SuiteRunner.java:375)
	at org.testng.SuiteRunner.privateRun(SuiteRunner.java:340)
	at org.testng.SuiteRunner.run(SuiteRunner.java:289)
	at org.testng.SuiteRunnerWorker.runSuite(SuiteRunnerWorker.java:52)
	at org.testng.SuiteRunnerWorker.run(SuiteRunnerWorker.java:86)
	at org.testng.TestNG.runSuitesSequentially(TestNG.java:1301)
	at org.testng.TestNG.runSuitesLocally(TestNG.java:1226)
	at org.testng.TestNG.runSuites(TestNG.java:1144)
	at org.testng.TestNG.run(TestNG.java:1115)
	at org.testng.remote.AbstractRemoteTestNG.run(AbstractRemoteTestNG.java:126)
	at org.testng.remote.RemoteTestNG.initAndRun(RemoteTestNG.java:152)
	at org.testng.remote.RemoteTestNG.main(RemoteTestNG.java:57)
]]>
    </failure>
  </testcase> <!-- init -->
  <testcase name="init" time="0.148" classname="mosip.api.scripts.ida_module"/>
  <testcase name="init" time="0.761" classname="mosip.api.scripts.ida_module"/>
  <testcase name="init" time="0.180" classname="mosip.api.scripts.ida_module"/>
  <testcase name="init1" time="0.071" classname="mosip.api.scripts.ida_module"/>
  <testcase name="init1" time="0.093" classname="mosip.api.scripts.ida_module"/>
</testsuite> <!-- mosip.api.scripts.ida_module -->
