<html>
<head>
<title>TestNG:  AuthenticationTests</title>
<link href="../testng.css" rel="stylesheet" type="text/css" />
<link href="../my-testng.css" rel="stylesheet" type="text/css" />

<style type="text/css">
.log { display: none;} 
.stack-trace { display: none;} 
</style>
<script type="text/javascript">
<!--
function flip(e) {
  current = e.style.display;
  if (current == 'block') {
    e.style.display = 'none';
    return 0;
  }
  else {
    e.style.display = 'block';
    return 1;
  }
}

function toggleBox(szDivId, elem, msg1, msg2)
{
  var res = -1;  if (document.getElementById) {
    res = flip(document.getElementById(szDivId));
  }
  else if (document.all) {
    // this is the way old msie versions work
    res = flip(document.all[szDivId]);
  }
  if(elem) {
    if(res == 0) elem.innerHTML = msg1; else elem.innerHTML = msg2;
  }

}

function toggleAllBoxes() {
  if (document.getElementsByTagName) {
    d = document.getElementsByTagName('div');
    for (i = 0; i < d.length; i++) {
      if (d[i].className == 'log') {
        flip(d[i]);
      }
    }
  }
}

// -->
</script>

</head>
<body>
<h2 align='center'>AuthenticationTests</h2><table border='1' align="center">
<tr>
<td>Tests passed/Failed/Skipped:</td><td>8/24/0</td>
</tr><tr>
<td>Started on:</td><td>Fri Jul 26 16:10:28 IST 2019</td>
</tr>
<tr><td>Total time:</td><td>6432 seconds (6432747 ms)</td>
</tr><tr>
<td>Included groups:</td><td></td>
</tr><tr>
<td>Excluded groups:</td><td></td>
</tr>
</table><p/>
<small><i>(Hover the method name to see the test class name)</i></small><p/>
<table width='100%' border='1' class='invocation-failed'>
<tr><td colspan='4' align='center'><b>FAILED TESTS</b></td></tr>
<tr><td><b>Test method</b></td>
<td width="30%"><b>Exception</b></td>
<td width="10%"><b>Time (seconds)</b></td>
<td><b>Instance</b></td>
</tr>
<tr>
<td title='io.mosip.e2e.tests.AuthenticationTests.E2ERun_PrIdOfAdultWithDocs_valid_uinAuthentication_BiometricAuthentication()'><b>E2ERun_PrIdOfAdultWithDocs_valid_uinAuthentication_BiometricAuthentication</b><br>Test class: io.mosip.e2e.tests.AuthenticationTests<br>Parameters: [Ljava.lang.Object;@3a206127</td>
<td><div><pre>java.lang.AssertionError: expected [true] but found [false]
	at io.mosip.e2e.tests.AuthenticationTests.uinAuthentication_BiometricAuthentication(AuthenticationTests.java:129)
	at io.mosip.e2e.runner.EndToEndRun.main(EndToEndRun.java:29)
... Removed 26 stack frames</pre></div><a href='#' onClick='toggleBox("stack-trace210057828", this, "Click to show all stack frames", "Click to hide stack frames")'>Click to show all stack frames</a>
<div class='stack-trace' id='stack-trace210057828'><pre>java.lang.AssertionError: expected [true] but found [false]
	at org.testng.Assert.fail(Assert.java:96)
	at org.testng.Assert.failNotEquals(Assert.java:776)
	at org.testng.Assert.assertTrue(Assert.java:44)
	at org.testng.Assert.assertTrue(Assert.java:54)
	at io.mosip.e2e.tests.AuthenticationTests.uinAuthentication_BiometricAuthentication(AuthenticationTests.java:129)
	at sun.reflect.NativeMethodAccessorImpl.invoke0(Native Method)
	at sun.reflect.NativeMethodAccessorImpl.invoke(NativeMethodAccessorImpl.java:62)
	at sun.reflect.DelegatingMethodAccessorImpl.invoke(DelegatingMethodAccessorImpl.java:43)
	at java.lang.reflect.Method.invoke(Method.java:498)
	at org.testng.internal.MethodInvocationHelper.invokeMethod(MethodInvocationHelper.java:124)
	at org.testng.internal.Invoker.invokeMethod(Invoker.java:583)
	at org.testng.internal.Invoker.invokeTestMethod(Invoker.java:719)
	at org.testng.internal.Invoker.invokeTestMethods(Invoker.java:989)
	at org.testng.internal.TestMethodWorker.invokeTestMethods(TestMethodWorker.java:125)
	at org.testng.internal.TestMethodWorker.run(TestMethodWorker.java:109)
	at org.testng.TestRunner.privateRun(TestRunner.java:648)
	at org.testng.TestRunner.run(TestRunner.java:505)
	at org.testng.SuiteRunner.runTest(SuiteRunner.java:455)
	at org.testng.SuiteRunner.runSequentially(SuiteRunner.java:450)
	at org.testng.SuiteRunner.privateRun(SuiteRunner.java:415)
	at org.testng.SuiteRunner.run(SuiteRunner.java:364)
	at org.testng.SuiteRunnerWorker.runSuite(SuiteRunnerWorker.java:52)
	at org.testng.SuiteRunnerWorker.run(SuiteRunnerWorker.java:84)
	at org.testng.TestNG.runSuitesSequentially(TestNG.java:1208)
	at org.testng.TestNG.runSuitesLocally(TestNG.java:1137)
	at org.testng.TestNG.runSuites(TestNG.java:1049)
	at org.testng.TestNG.run(TestNG.java:1017)
	at io.mosip.e2e.runner.EndToEndRun.main(EndToEndRun.java:29)
</pre></div></td>
<td>0</td>
<td>io.mosip.e2e.tests.AuthenticationTests@1a6c1270</td></tr>
<tr>
<td title='io.mosip.e2e.tests.AuthenticationTests.E2ERun_PrIdOfAdultWithDocs_valid_uinAuthentication_DemographicAuthentication()'><b>E2ERun_PrIdOfAdultWithDocs_valid_uinAuthentication_DemographicAuthentication</b><br>Test class: io.mosip.e2e.tests.AuthenticationTests<br>Parameters: [Ljava.lang.Object;@3f99205f</td>
<td><div><pre>java.lang.AssertionError: expected [true] but found [false]
	at io.mosip.e2e.tests.AuthenticationTests.uinAuthentication_DemographicAuthentication(AuthenticationTests.java:84)
	at io.mosip.e2e.runner.EndToEndRun.main(EndToEndRun.java:29)
... Removed 26 stack frames</pre></div><a href='#' onClick='toggleBox("stack-trace1242649953", this, "Click to show all stack frames", "Click to hide stack frames")'>Click to show all stack frames</a>
<div class='stack-trace' id='stack-trace1242649953'><pre>java.lang.AssertionError: expected [true] but found [false]
	at org.testng.Assert.fail(Assert.java:96)
	at org.testng.Assert.failNotEquals(Assert.java:776)
	at org.testng.Assert.assertTrue(Assert.java:44)
	at org.testng.Assert.assertTrue(Assert.java:54)
	at io.mosip.e2e.tests.AuthenticationTests.uinAuthentication_DemographicAuthentication(AuthenticationTests.java:84)
	at sun.reflect.NativeMethodAccessorImpl.invoke0(Native Method)
	at sun.reflect.NativeMethodAccessorImpl.invoke(NativeMethodAccessorImpl.java:62)
	at sun.reflect.DelegatingMethodAccessorImpl.invoke(DelegatingMethodAccessorImpl.java:43)
	at java.lang.reflect.Method.invoke(Method.java:498)
	at org.testng.internal.MethodInvocationHelper.invokeMethod(MethodInvocationHelper.java:124)
	at org.testng.internal.Invoker.invokeMethod(Invoker.java:583)
	at org.testng.internal.Invoker.invokeTestMethod(Invoker.java:719)
	at org.testng.internal.Invoker.invokeTestMethods(Invoker.java:989)
	at org.testng.internal.TestMethodWorker.invokeTestMethods(TestMethodWorker.java:125)
	at org.testng.internal.TestMethodWorker.run(TestMethodWorker.java:109)
	at org.testng.TestRunner.privateRun(TestRunner.java:648)
	at org.testng.TestRunner.run(TestRunner.java:505)
	at org.testng.SuiteRunner.runTest(SuiteRunner.java:455)
	at org.testng.SuiteRunner.runSequentially(SuiteRunner.java:450)
	at org.testng.SuiteRunner.privateRun(SuiteRunner.java:415)
	at org.testng.SuiteRunner.run(SuiteRunner.java:364)
	at org.testng.SuiteRunnerWorker.runSuite(SuiteRunnerWorker.java:52)
	at org.testng.SuiteRunnerWorker.run(SuiteRunnerWorker.java:84)
	at org.testng.TestNG.runSuitesSequentially(TestNG.java:1208)
	at org.testng.TestNG.runSuitesLocally(TestNG.java:1137)
	at org.testng.TestNG.runSuites(TestNG.java:1049)
	at org.testng.TestNG.run(TestNG.java:1017)
	at io.mosip.e2e.runner.EndToEndRun.main(EndToEndRun.java:29)
</pre></div></td>
<td>0</td>
<td>io.mosip.e2e.tests.AuthenticationTests@1a6c1270</td></tr>
<tr>
<td title='io.mosip.e2e.tests.AuthenticationTests.E2ERun_PrIdOfAdultWithDocs_valid_uinAuthentication_EkycWithBiometricAuthentication()'><b>E2ERun_PrIdOfAdultWithDocs_valid_uinAuthentication_EkycWithBiometricAuthentication</b><br>Test class: io.mosip.e2e.tests.AuthenticationTests<br>Parameters: [Ljava.lang.Object;@1e84e937</td>
<td><div><pre>java.lang.AssertionError: expected [true] but found [false]
	at io.mosip.e2e.tests.AuthenticationTests.uinAuthentication_EkycWithBiometricAuthentication(AuthenticationTests.java:102)
	at io.mosip.e2e.runner.EndToEndRun.main(EndToEndRun.java:29)
... Removed 26 stack frames</pre></div><a href='#' onClick='toggleBox("stack-trace545177789", this, "Click to show all stack frames", "Click to hide stack frames")'>Click to show all stack frames</a>
<div class='stack-trace' id='stack-trace545177789'><pre>java.lang.AssertionError: expected [true] but found [false]
	at org.testng.Assert.fail(Assert.java:96)
	at org.testng.Assert.failNotEquals(Assert.java:776)
	at org.testng.Assert.assertTrue(Assert.java:44)
	at org.testng.Assert.assertTrue(Assert.java:54)
	at io.mosip.e2e.tests.AuthenticationTests.uinAuthentication_EkycWithBiometricAuthentication(AuthenticationTests.java:102)
	at sun.reflect.NativeMethodAccessorImpl.invoke0(Native Method)
	at sun.reflect.NativeMethodAccessorImpl.invoke(NativeMethodAccessorImpl.java:62)
	at sun.reflect.DelegatingMethodAccessorImpl.invoke(DelegatingMethodAccessorImpl.java:43)
	at java.lang.reflect.Method.invoke(Method.java:498)
	at org.testng.internal.MethodInvocationHelper.invokeMethod(MethodInvocationHelper.java:124)
	at org.testng.internal.Invoker.invokeMethod(Invoker.java:583)
	at org.testng.internal.Invoker.invokeTestMethod(Invoker.java:719)
	at org.testng.internal.Invoker.invokeTestMethods(Invoker.java:989)
	at org.testng.internal.TestMethodWorker.invokeTestMethods(TestMethodWorker.java:125)
	at org.testng.internal.TestMethodWorker.run(TestMethodWorker.java:109)
	at org.testng.TestRunner.privateRun(TestRunner.java:648)
	at org.testng.TestRunner.run(TestRunner.java:505)
	at org.testng.SuiteRunner.runTest(SuiteRunner.java:455)
	at org.testng.SuiteRunner.runSequentially(SuiteRunner.java:450)
	at org.testng.SuiteRunner.privateRun(SuiteRunner.java:415)
	at org.testng.SuiteRunner.run(SuiteRunner.java:364)
	at org.testng.SuiteRunnerWorker.runSuite(SuiteRunnerWorker.java:52)
	at org.testng.SuiteRunnerWorker.run(SuiteRunnerWorker.java:84)
	at org.testng.TestNG.runSuitesSequentially(TestNG.java:1208)
	at org.testng.TestNG.runSuitesLocally(TestNG.java:1137)
	at org.testng.TestNG.runSuites(TestNG.java:1049)
	at org.testng.TestNG.run(TestNG.java:1017)
	at io.mosip.e2e.runner.EndToEndRun.main(EndToEndRun.java:29)
</pre></div></td>
<td>0</td>
<td>io.mosip.e2e.tests.AuthenticationTests@1a6c1270</td></tr>
<tr>
<td title='io.mosip.e2e.tests.AuthenticationTests.E2ERun_PrIdOfAdultWithDocs_valid_uinAuthentication_EkycWithOtpAuthentication()'><b>E2ERun_PrIdOfAdultWithDocs_valid_uinAuthentication_EkycWithOtpAuthentication</b><br>Test class: io.mosip.e2e.tests.AuthenticationTests<br>Parameters: [Ljava.lang.Object;@17787d1d</td>
<td><div><pre>java.lang.AssertionError: expected [true] but found [false]
	at io.mosip.e2e.tests.AuthenticationTests.uinAuthentication_EkycWithOtpAuthentication(AuthenticationTests.java:93)
	at io.mosip.e2e.runner.EndToEndRun.main(EndToEndRun.java:29)
... Removed 26 stack frames</pre></div><a href='#' onClick='toggleBox("stack-trace570199593", this, "Click to show all stack frames", "Click to hide stack frames")'>Click to show all stack frames</a>
<div class='stack-trace' id='stack-trace570199593'><pre>java.lang.AssertionError: expected [true] but found [false]
	at org.testng.Assert.fail(Assert.java:96)
	at org.testng.Assert.failNotEquals(Assert.java:776)
	at org.testng.Assert.assertTrue(Assert.java:44)
	at org.testng.Assert.assertTrue(Assert.java:54)
	at io.mosip.e2e.tests.AuthenticationTests.uinAuthentication_EkycWithOtpAuthentication(AuthenticationTests.java:93)
	at sun.reflect.NativeMethodAccessorImpl.invoke0(Native Method)
	at sun.reflect.NativeMethodAccessorImpl.invoke(NativeMethodAccessorImpl.java:62)
	at sun.reflect.DelegatingMethodAccessorImpl.invoke(DelegatingMethodAccessorImpl.java:43)
	at java.lang.reflect.Method.invoke(Method.java:498)
	at org.testng.internal.MethodInvocationHelper.invokeMethod(MethodInvocationHelper.java:124)
	at org.testng.internal.Invoker.invokeMethod(Invoker.java:583)
	at org.testng.internal.Invoker.invokeTestMethod(Invoker.java:719)
	at org.testng.internal.Invoker.invokeTestMethods(Invoker.java:989)
	at org.testng.internal.TestMethodWorker.invokeTestMethods(TestMethodWorker.java:125)
	at org.testng.internal.TestMethodWorker.run(TestMethodWorker.java:109)
	at org.testng.TestRunner.privateRun(TestRunner.java:648)
	at org.testng.TestRunner.run(TestRunner.java:505)
	at org.testng.SuiteRunner.runTest(SuiteRunner.java:455)
	at org.testng.SuiteRunner.runSequentially(SuiteRunner.java:450)
	at org.testng.SuiteRunner.privateRun(SuiteRunner.java:415)
	at org.testng.SuiteRunner.run(SuiteRunner.java:364)
	at org.testng.SuiteRunnerWorker.runSuite(SuiteRunnerWorker.java:52)
	at org.testng.SuiteRunnerWorker.run(SuiteRunnerWorker.java:84)
	at org.testng.TestNG.runSuitesSequentially(TestNG.java:1208)
	at org.testng.TestNG.runSuitesLocally(TestNG.java:1137)
	at org.testng.TestNG.runSuites(TestNG.java:1049)
	at org.testng.TestNG.run(TestNG.java:1017)
	at io.mosip.e2e.runner.EndToEndRun.main(EndToEndRun.java:29)
</pre></div></td>
<td>0</td>
<td>io.mosip.e2e.tests.AuthenticationTests@1a6c1270</td></tr>
<tr>
<td title='io.mosip.e2e.tests.AuthenticationTests.E2ERun_PrIdOfAdultWithDocs_valid_uinAuthentication_InternalBiometricAuthentication()'><b>E2ERun_PrIdOfAdultWithDocs_valid_uinAuthentication_InternalBiometricAuthentication</b><br>Test class: io.mosip.e2e.tests.AuthenticationTests<br>Parameters: [Ljava.lang.Object;@2df64dea</td>
<td><div><pre>java.lang.AssertionError: expected [true] but found [false]
	at io.mosip.e2e.tests.AuthenticationTests.uinAuthentication_InternalBiometricAuthentication(AuthenticationTests.java:111)
	at io.mosip.e2e.runner.EndToEndRun.main(EndToEndRun.java:29)
... Removed 26 stack frames</pre></div><a href='#' onClick='toggleBox("stack-trace986424311", this, "Click to show all stack frames", "Click to hide stack frames")'>Click to show all stack frames</a>
<div class='stack-trace' id='stack-trace986424311'><pre>java.lang.AssertionError: expected [true] but found [false]
	at org.testng.Assert.fail(Assert.java:96)
	at org.testng.Assert.failNotEquals(Assert.java:776)
	at org.testng.Assert.assertTrue(Assert.java:44)
	at org.testng.Assert.assertTrue(Assert.java:54)
	at io.mosip.e2e.tests.AuthenticationTests.uinAuthentication_InternalBiometricAuthentication(AuthenticationTests.java:111)
	at sun.reflect.NativeMethodAccessorImpl.invoke0(Native Method)
	at sun.reflect.NativeMethodAccessorImpl.invoke(NativeMethodAccessorImpl.java:62)
	at sun.reflect.DelegatingMethodAccessorImpl.invoke(DelegatingMethodAccessorImpl.java:43)
	at java.lang.reflect.Method.invoke(Method.java:498)
	at org.testng.internal.MethodInvocationHelper.invokeMethod(MethodInvocationHelper.java:124)
	at org.testng.internal.Invoker.invokeMethod(Invoker.java:583)
	at org.testng.internal.Invoker.invokeTestMethod(Invoker.java:719)
	at org.testng.internal.Invoker.invokeTestMethods(Invoker.java:989)
	at org.testng.internal.TestMethodWorker.invokeTestMethods(TestMethodWorker.java:125)
	at org.testng.internal.TestMethodWorker.run(TestMethodWorker.java:109)
	at org.testng.TestRunner.privateRun(TestRunner.java:648)
	at org.testng.TestRunner.run(TestRunner.java:505)
	at org.testng.SuiteRunner.runTest(SuiteRunner.java:455)
	at org.testng.SuiteRunner.runSequentially(SuiteRunner.java:450)
	at org.testng.SuiteRunner.privateRun(SuiteRunner.java:415)
	at org.testng.SuiteRunner.run(SuiteRunner.java:364)
	at org.testng.SuiteRunnerWorker.runSuite(SuiteRunnerWorker.java:52)
	at org.testng.SuiteRunnerWorker.run(SuiteRunnerWorker.java:84)
	at org.testng.TestNG.runSuitesSequentially(TestNG.java:1208)
	at org.testng.TestNG.runSuitesLocally(TestNG.java:1137)
	at org.testng.TestNG.runSuites(TestNG.java:1049)
	at org.testng.TestNG.run(TestNG.java:1017)
	at io.mosip.e2e.runner.EndToEndRun.main(EndToEndRun.java:29)
</pre></div></td>
<td>0</td>
<td>io.mosip.e2e.tests.AuthenticationTests@1a6c1270</td></tr>
<tr>
<td title='io.mosip.e2e.tests.AuthenticationTests.E2ERun_PrIdOfAdultWithDocs_valid_uinAuthentication_OtpAuthentication()'><b>E2ERun_PrIdOfAdultWithDocs_valid_uinAuthentication_OtpAuthentication</b><br>Test class: io.mosip.e2e.tests.AuthenticationTests<br>Parameters: [Ljava.lang.Object;@317a23a1</td>
<td><div><pre>java.lang.AssertionError: expected [true] but found [false]
	at io.mosip.e2e.tests.AuthenticationTests.uinAuthentication_OtpAuthentication(AuthenticationTests.java:120)
	at io.mosip.e2e.runner.EndToEndRun.main(EndToEndRun.java:29)
... Removed 26 stack frames</pre></div><a href='#' onClick='toggleBox("stack-trace269593710", this, "Click to show all stack frames", "Click to hide stack frames")'>Click to show all stack frames</a>
<div class='stack-trace' id='stack-trace269593710'><pre>java.lang.AssertionError: expected [true] but found [false]
	at org.testng.Assert.fail(Assert.java:96)
	at org.testng.Assert.failNotEquals(Assert.java:776)
	at org.testng.Assert.assertTrue(Assert.java:44)
	at org.testng.Assert.assertTrue(Assert.java:54)
	at io.mosip.e2e.tests.AuthenticationTests.uinAuthentication_OtpAuthentication(AuthenticationTests.java:120)
	at sun.reflect.NativeMethodAccessorImpl.invoke0(Native Method)
	at sun.reflect.NativeMethodAccessorImpl.invoke(NativeMethodAccessorImpl.java:62)
	at sun.reflect.DelegatingMethodAccessorImpl.invoke(DelegatingMethodAccessorImpl.java:43)
	at java.lang.reflect.Method.invoke(Method.java:498)
	at org.testng.internal.MethodInvocationHelper.invokeMethod(MethodInvocationHelper.java:124)
	at org.testng.internal.Invoker.invokeMethod(Invoker.java:583)
	at org.testng.internal.Invoker.invokeTestMethod(Invoker.java:719)
	at org.testng.internal.Invoker.invokeTestMethods(Invoker.java:989)
	at org.testng.internal.TestMethodWorker.invokeTestMethods(TestMethodWorker.java:125)
	at org.testng.internal.TestMethodWorker.run(TestMethodWorker.java:109)
	at org.testng.TestRunner.privateRun(TestRunner.java:648)
	at org.testng.TestRunner.run(TestRunner.java:505)
	at org.testng.SuiteRunner.runTest(SuiteRunner.java:455)
	at org.testng.SuiteRunner.runSequentially(SuiteRunner.java:450)
	at org.testng.SuiteRunner.privateRun(SuiteRunner.java:415)
	at org.testng.SuiteRunner.run(SuiteRunner.java:364)
	at org.testng.SuiteRunnerWorker.runSuite(SuiteRunnerWorker.java:52)
	at org.testng.SuiteRunnerWorker.run(SuiteRunnerWorker.java:84)
	at org.testng.TestNG.runSuitesSequentially(TestNG.java:1208)
	at org.testng.TestNG.runSuitesLocally(TestNG.java:1137)
	at org.testng.TestNG.runSuites(TestNG.java:1049)
	at org.testng.TestNG.run(TestNG.java:1017)
	at io.mosip.e2e.runner.EndToEndRun.main(EndToEndRun.java:29)
</pre></div></td>
<td>0</td>
<td>io.mosip.e2e.tests.AuthenticationTests@1a6c1270</td></tr>
<tr>
<td title='io.mosip.e2e.tests.AuthenticationTests.E2ERun_PrIdOfAdultWithoutDocs_valid_uinAuthentication_BiometricAuthentication()'><b>E2ERun_PrIdOfAdultWithoutDocs_valid_uinAuthentication_BiometricAuthentication</b><br>Test class: io.mosip.e2e.tests.AuthenticationTests<br>Parameters: [Ljava.lang.Object;@2ce48e3a</td>
<td><div><pre>java.lang.AssertionError: expected [true] but found [false]
	at io.mosip.e2e.tests.AuthenticationTests.uinAuthentication_BiometricAuthentication(AuthenticationTests.java:129)
	at io.mosip.e2e.runner.EndToEndRun.main(EndToEndRun.java:29)
... Removed 26 stack frames</pre></div><a href='#' onClick='toggleBox("stack-trace87413574", this, "Click to show all stack frames", "Click to hide stack frames")'>Click to show all stack frames</a>
<div class='stack-trace' id='stack-trace87413574'><pre>java.lang.AssertionError: expected [true] but found [false]
	at org.testng.Assert.fail(Assert.java:96)
	at org.testng.Assert.failNotEquals(Assert.java:776)
	at org.testng.Assert.assertTrue(Assert.java:44)
	at org.testng.Assert.assertTrue(Assert.java:54)
	at io.mosip.e2e.tests.AuthenticationTests.uinAuthentication_BiometricAuthentication(AuthenticationTests.java:129)
	at sun.reflect.NativeMethodAccessorImpl.invoke0(Native Method)
	at sun.reflect.NativeMethodAccessorImpl.invoke(NativeMethodAccessorImpl.java:62)
	at sun.reflect.DelegatingMethodAccessorImpl.invoke(DelegatingMethodAccessorImpl.java:43)
	at java.lang.reflect.Method.invoke(Method.java:498)
	at org.testng.internal.MethodInvocationHelper.invokeMethod(MethodInvocationHelper.java:124)
	at org.testng.internal.Invoker.invokeMethod(Invoker.java:583)
	at org.testng.internal.Invoker.invokeTestMethod(Invoker.java:719)
	at org.testng.internal.Invoker.invokeTestMethods(Invoker.java:989)
	at org.testng.internal.TestMethodWorker.invokeTestMethods(TestMethodWorker.java:125)
	at org.testng.internal.TestMethodWorker.run(TestMethodWorker.java:109)
	at org.testng.TestRunner.privateRun(TestRunner.java:648)
	at org.testng.TestRunner.run(TestRunner.java:505)
	at org.testng.SuiteRunner.runTest(SuiteRunner.java:455)
	at org.testng.SuiteRunner.runSequentially(SuiteRunner.java:450)
	at org.testng.SuiteRunner.privateRun(SuiteRunner.java:415)
	at org.testng.SuiteRunner.run(SuiteRunner.java:364)
	at org.testng.SuiteRunnerWorker.runSuite(SuiteRunnerWorker.java:52)
	at org.testng.SuiteRunnerWorker.run(SuiteRunnerWorker.java:84)
	at org.testng.TestNG.runSuitesSequentially(TestNG.java:1208)
	at org.testng.TestNG.runSuitesLocally(TestNG.java:1137)
	at org.testng.TestNG.runSuites(TestNG.java:1049)
	at org.testng.TestNG.run(TestNG.java:1017)
	at io.mosip.e2e.runner.EndToEndRun.main(EndToEndRun.java:29)
</pre></div></td>
<td>0</td>
<td>io.mosip.e2e.tests.AuthenticationTests@1a6c1270</td></tr>
<tr>
<td title='io.mosip.e2e.tests.AuthenticationTests.E2ERun_PrIdOfAdultWithoutDocs_valid_uinAuthentication_DemographicAuthentication()'><b>E2ERun_PrIdOfAdultWithoutDocs_valid_uinAuthentication_DemographicAuthentication</b><br>Test class: io.mosip.e2e.tests.AuthenticationTests<br>Parameters: [Ljava.lang.Object;@581de0fb</td>
<td><div><pre>java.lang.AssertionError: expected [true] but found [false]
	at io.mosip.e2e.tests.AuthenticationTests.uinAuthentication_DemographicAuthentication(AuthenticationTests.java:84)
	at io.mosip.e2e.runner.EndToEndRun.main(EndToEndRun.java:29)
... Removed 26 stack frames</pre></div><a href='#' onClick='toggleBox("stack-trace1856472325", this, "Click to show all stack frames", "Click to hide stack frames")'>Click to show all stack frames</a>
<div class='stack-trace' id='stack-trace1856472325'><pre>java.lang.AssertionError: expected [true] but found [false]
	at org.testng.Assert.fail(Assert.java:96)
	at org.testng.Assert.failNotEquals(Assert.java:776)
	at org.testng.Assert.assertTrue(Assert.java:44)
	at org.testng.Assert.assertTrue(Assert.java:54)
	at io.mosip.e2e.tests.AuthenticationTests.uinAuthentication_DemographicAuthentication(AuthenticationTests.java:84)
	at sun.reflect.NativeMethodAccessorImpl.invoke0(Native Method)
	at sun.reflect.NativeMethodAccessorImpl.invoke(NativeMethodAccessorImpl.java:62)
	at sun.reflect.DelegatingMethodAccessorImpl.invoke(DelegatingMethodAccessorImpl.java:43)
	at java.lang.reflect.Method.invoke(Method.java:498)
	at org.testng.internal.MethodInvocationHelper.invokeMethod(MethodInvocationHelper.java:124)
	at org.testng.internal.Invoker.invokeMethod(Invoker.java:583)
	at org.testng.internal.Invoker.invokeTestMethod(Invoker.java:719)
	at org.testng.internal.Invoker.invokeTestMethods(Invoker.java:989)
	at org.testng.internal.TestMethodWorker.invokeTestMethods(TestMethodWorker.java:125)
	at org.testng.internal.TestMethodWorker.run(TestMethodWorker.java:109)
	at org.testng.TestRunner.privateRun(TestRunner.java:648)
	at org.testng.TestRunner.run(TestRunner.java:505)
	at org.testng.SuiteRunner.runTest(SuiteRunner.java:455)
	at org.testng.SuiteRunner.runSequentially(SuiteRunner.java:450)
	at org.testng.SuiteRunner.privateRun(SuiteRunner.java:415)
	at org.testng.SuiteRunner.run(SuiteRunner.java:364)
	at org.testng.SuiteRunnerWorker.runSuite(SuiteRunnerWorker.java:52)
	at org.testng.SuiteRunnerWorker.run(SuiteRunnerWorker.java:84)
	at org.testng.TestNG.runSuitesSequentially(TestNG.java:1208)
	at org.testng.TestNG.runSuitesLocally(TestNG.java:1137)
	at org.testng.TestNG.runSuites(TestNG.java:1049)
	at org.testng.TestNG.run(TestNG.java:1017)
	at io.mosip.e2e.runner.EndToEndRun.main(EndToEndRun.java:29)
</pre></div></td>
<td>0</td>
<td>io.mosip.e2e.tests.AuthenticationTests@1a6c1270</td></tr>
<tr>
<td title='io.mosip.e2e.tests.AuthenticationTests.E2ERun_PrIdOfAdultWithoutDocs_valid_uinAuthentication_EkycWithBiometricAuthentication()'><b>E2ERun_PrIdOfAdultWithoutDocs_valid_uinAuthentication_EkycWithBiometricAuthentication</b><br>Test class: io.mosip.e2e.tests.AuthenticationTests<br>Parameters: [Ljava.lang.Object;@7324ac4e</td>
<td><div><pre>java.lang.AssertionError: expected [true] but found [false]
	at io.mosip.e2e.tests.AuthenticationTests.uinAuthentication_EkycWithBiometricAuthentication(AuthenticationTests.java:102)
	at io.mosip.e2e.runner.EndToEndRun.main(EndToEndRun.java:29)
... Removed 26 stack frames</pre></div><a href='#' onClick='toggleBox("stack-trace1447712215", this, "Click to show all stack frames", "Click to hide stack frames")'>Click to show all stack frames</a>
<div class='stack-trace' id='stack-trace1447712215'><pre>java.lang.AssertionError: expected [true] but found [false]
	at org.testng.Assert.fail(Assert.java:96)
	at org.testng.Assert.failNotEquals(Assert.java:776)
	at org.testng.Assert.assertTrue(Assert.java:44)
	at org.testng.Assert.assertTrue(Assert.java:54)
	at io.mosip.e2e.tests.AuthenticationTests.uinAuthentication_EkycWithBiometricAuthentication(AuthenticationTests.java:102)
	at sun.reflect.NativeMethodAccessorImpl.invoke0(Native Method)
	at sun.reflect.NativeMethodAccessorImpl.invoke(NativeMethodAccessorImpl.java:62)
	at sun.reflect.DelegatingMethodAccessorImpl.invoke(DelegatingMethodAccessorImpl.java:43)
	at java.lang.reflect.Method.invoke(Method.java:498)
	at org.testng.internal.MethodInvocationHelper.invokeMethod(MethodInvocationHelper.java:124)
	at org.testng.internal.Invoker.invokeMethod(Invoker.java:583)
	at org.testng.internal.Invoker.invokeTestMethod(Invoker.java:719)
	at org.testng.internal.Invoker.invokeTestMethods(Invoker.java:989)
	at org.testng.internal.TestMethodWorker.invokeTestMethods(TestMethodWorker.java:125)
	at org.testng.internal.TestMethodWorker.run(TestMethodWorker.java:109)
	at org.testng.TestRunner.privateRun(TestRunner.java:648)
	at org.testng.TestRunner.run(TestRunner.java:505)
	at org.testng.SuiteRunner.runTest(SuiteRunner.java:455)
	at org.testng.SuiteRunner.runSequentially(SuiteRunner.java:450)
	at org.testng.SuiteRunner.privateRun(SuiteRunner.java:415)
	at org.testng.SuiteRunner.run(SuiteRunner.java:364)
	at org.testng.SuiteRunnerWorker.runSuite(SuiteRunnerWorker.java:52)
	at org.testng.SuiteRunnerWorker.run(SuiteRunnerWorker.java:84)
	at org.testng.TestNG.runSuitesSequentially(TestNG.java:1208)
	at org.testng.TestNG.runSuitesLocally(TestNG.java:1137)
	at org.testng.TestNG.runSuites(TestNG.java:1049)
	at org.testng.TestNG.run(TestNG.java:1017)
	at io.mosip.e2e.runner.EndToEndRun.main(EndToEndRun.java:29)
</pre></div></td>
<td>0</td>
<td>io.mosip.e2e.tests.AuthenticationTests@1a6c1270</td></tr>
<tr>
<td title='io.mosip.e2e.tests.AuthenticationTests.E2ERun_PrIdOfAdultWithoutDocs_valid_uinAuthentication_EkycWithOtpAuthentication()'><b>E2ERun_PrIdOfAdultWithoutDocs_valid_uinAuthentication_EkycWithOtpAuthentication</b><br>Test class: io.mosip.e2e.tests.AuthenticationTests<br>Parameters: [Ljava.lang.Object;@2925e971</td>
<td><div><pre>java.lang.AssertionError: expected [true] but found [false]
	at io.mosip.e2e.tests.AuthenticationTests.uinAuthentication_EkycWithOtpAuthentication(AuthenticationTests.java:93)
	at io.mosip.e2e.runner.EndToEndRun.main(EndToEndRun.java:29)
... Removed 26 stack frames</pre></div><a href='#' onClick='toggleBox("stack-trace1438444611", this, "Click to show all stack frames", "Click to hide stack frames")'>Click to show all stack frames</a>
<div class='stack-trace' id='stack-trace1438444611'><pre>java.lang.AssertionError: expected [true] but found [false]
	at org.testng.Assert.fail(Assert.java:96)
	at org.testng.Assert.failNotEquals(Assert.java:776)
	at org.testng.Assert.assertTrue(Assert.java:44)
	at org.testng.Assert.assertTrue(Assert.java:54)
	at io.mosip.e2e.tests.AuthenticationTests.uinAuthentication_EkycWithOtpAuthentication(AuthenticationTests.java:93)
	at sun.reflect.NativeMethodAccessorImpl.invoke0(Native Method)
	at sun.reflect.NativeMethodAccessorImpl.invoke(NativeMethodAccessorImpl.java:62)
	at sun.reflect.DelegatingMethodAccessorImpl.invoke(DelegatingMethodAccessorImpl.java:43)
	at java.lang.reflect.Method.invoke(Method.java:498)
	at org.testng.internal.MethodInvocationHelper.invokeMethod(MethodInvocationHelper.java:124)
	at org.testng.internal.Invoker.invokeMethod(Invoker.java:583)
	at org.testng.internal.Invoker.invokeTestMethod(Invoker.java:719)
	at org.testng.internal.Invoker.invokeTestMethods(Invoker.java:989)
	at org.testng.internal.TestMethodWorker.invokeTestMethods(TestMethodWorker.java:125)
	at org.testng.internal.TestMethodWorker.run(TestMethodWorker.java:109)
	at org.testng.TestRunner.privateRun(TestRunner.java:648)
	at org.testng.TestRunner.run(TestRunner.java:505)
	at org.testng.SuiteRunner.runTest(SuiteRunner.java:455)
	at org.testng.SuiteRunner.runSequentially(SuiteRunner.java:450)
	at org.testng.SuiteRunner.privateRun(SuiteRunner.java:415)
	at org.testng.SuiteRunner.run(SuiteRunner.java:364)
	at org.testng.SuiteRunnerWorker.runSuite(SuiteRunnerWorker.java:52)
	at org.testng.SuiteRunnerWorker.run(SuiteRunnerWorker.java:84)
	at org.testng.TestNG.runSuitesSequentially(TestNG.java:1208)
	at org.testng.TestNG.runSuitesLocally(TestNG.java:1137)
	at org.testng.TestNG.runSuites(TestNG.java:1049)
	at org.testng.TestNG.run(TestNG.java:1017)
	at io.mosip.e2e.runner.EndToEndRun.main(EndToEndRun.java:29)
</pre></div></td>
<td>0</td>
<td>io.mosip.e2e.tests.AuthenticationTests@1a6c1270</td></tr>
<tr>
<td title='io.mosip.e2e.tests.AuthenticationTests.E2ERun_PrIdOfAdultWithoutDocs_valid_uinAuthentication_InternalBiometricAuthentication()'><b>E2ERun_PrIdOfAdultWithoutDocs_valid_uinAuthentication_InternalBiometricAuthentication</b><br>Test class: io.mosip.e2e.tests.AuthenticationTests<br>Parameters: [Ljava.lang.Object;@4ffe9ea7</td>
<td><div><pre>java.lang.AssertionError: expected [true] but found [false]
	at io.mosip.e2e.tests.AuthenticationTests.uinAuthentication_InternalBiometricAuthentication(AuthenticationTests.java:111)
	at io.mosip.e2e.runner.EndToEndRun.main(EndToEndRun.java:29)
... Removed 26 stack frames</pre></div><a href='#' onClick='toggleBox("stack-trace1837809455", this, "Click to show all stack frames", "Click to hide stack frames")'>Click to show all stack frames</a>
<div class='stack-trace' id='stack-trace1837809455'><pre>java.lang.AssertionError: expected [true] but found [false]
	at org.testng.Assert.fail(Assert.java:96)
	at org.testng.Assert.failNotEquals(Assert.java:776)
	at org.testng.Assert.assertTrue(Assert.java:44)
	at org.testng.Assert.assertTrue(Assert.java:54)
	at io.mosip.e2e.tests.AuthenticationTests.uinAuthentication_InternalBiometricAuthentication(AuthenticationTests.java:111)
	at sun.reflect.NativeMethodAccessorImpl.invoke0(Native Method)
	at sun.reflect.NativeMethodAccessorImpl.invoke(NativeMethodAccessorImpl.java:62)
	at sun.reflect.DelegatingMethodAccessorImpl.invoke(DelegatingMethodAccessorImpl.java:43)
	at java.lang.reflect.Method.invoke(Method.java:498)
	at org.testng.internal.MethodInvocationHelper.invokeMethod(MethodInvocationHelper.java:124)
	at org.testng.internal.Invoker.invokeMethod(Invoker.java:583)
	at org.testng.internal.Invoker.invokeTestMethod(Invoker.java:719)
	at org.testng.internal.Invoker.invokeTestMethods(Invoker.java:989)
	at org.testng.internal.TestMethodWorker.invokeTestMethods(TestMethodWorker.java:125)
	at org.testng.internal.TestMethodWorker.run(TestMethodWorker.java:109)
	at org.testng.TestRunner.privateRun(TestRunner.java:648)
	at org.testng.TestRunner.run(TestRunner.java:505)
	at org.testng.SuiteRunner.runTest(SuiteRunner.java:455)
	at org.testng.SuiteRunner.runSequentially(SuiteRunner.java:450)
	at org.testng.SuiteRunner.privateRun(SuiteRunner.java:415)
	at org.testng.SuiteRunner.run(SuiteRunner.java:364)
	at org.testng.SuiteRunnerWorker.runSuite(SuiteRunnerWorker.java:52)
	at org.testng.SuiteRunnerWorker.run(SuiteRunnerWorker.java:84)
	at org.testng.TestNG.runSuitesSequentially(TestNG.java:1208)
	at org.testng.TestNG.runSuitesLocally(TestNG.java:1137)
	at org.testng.TestNG.runSuites(TestNG.java:1049)
	at org.testng.TestNG.run(TestNG.java:1017)
	at io.mosip.e2e.runner.EndToEndRun.main(EndToEndRun.java:29)
</pre></div></td>
<td>0</td>
<td>io.mosip.e2e.tests.AuthenticationTests@1a6c1270</td></tr>
<tr>
<td title='io.mosip.e2e.tests.AuthenticationTests.E2ERun_PrIdOfAdultWithoutDocs_valid_uinAuthentication_OtpAuthentication()'><b>E2ERun_PrIdOfAdultWithoutDocs_valid_uinAuthentication_OtpAuthentication</b><br>Test class: io.mosip.e2e.tests.AuthenticationTests<br>Parameters: [Ljava.lang.Object;@11050106</td>
<td><div><pre>java.lang.AssertionError: expected [true] but found [false]
	at io.mosip.e2e.tests.AuthenticationTests.uinAuthentication_OtpAuthentication(AuthenticationTests.java:120)
	at io.mosip.e2e.runner.EndToEndRun.main(EndToEndRun.java:29)
... Removed 26 stack frames</pre></div><a href='#' onClick='toggleBox("stack-trace1382105031", this, "Click to show all stack frames", "Click to hide stack frames")'>Click to show all stack frames</a>
<div class='stack-trace' id='stack-trace1382105031'><pre>java.lang.AssertionError: expected [true] but found [false]
	at org.testng.Assert.fail(Assert.java:96)
	at org.testng.Assert.failNotEquals(Assert.java:776)
	at org.testng.Assert.assertTrue(Assert.java:44)
	at org.testng.Assert.assertTrue(Assert.java:54)
	at io.mosip.e2e.tests.AuthenticationTests.uinAuthentication_OtpAuthentication(AuthenticationTests.java:120)
	at sun.reflect.NativeMethodAccessorImpl.invoke0(Native Method)
	at sun.reflect.NativeMethodAccessorImpl.invoke(NativeMethodAccessorImpl.java:62)
	at sun.reflect.DelegatingMethodAccessorImpl.invoke(DelegatingMethodAccessorImpl.java:43)
	at java.lang.reflect.Method.invoke(Method.java:498)
	at org.testng.internal.MethodInvocationHelper.invokeMethod(MethodInvocationHelper.java:124)
	at org.testng.internal.Invoker.invokeMethod(Invoker.java:583)
	at org.testng.internal.Invoker.invokeTestMethod(Invoker.java:719)
	at org.testng.internal.Invoker.invokeTestMethods(Invoker.java:989)
	at org.testng.internal.TestMethodWorker.invokeTestMethods(TestMethodWorker.java:125)
	at org.testng.internal.TestMethodWorker.run(TestMethodWorker.java:109)
	at org.testng.TestRunner.privateRun(TestRunner.java:648)
	at org.testng.TestRunner.run(TestRunner.java:505)
	at org.testng.SuiteRunner.runTest(SuiteRunner.java:455)
	at org.testng.SuiteRunner.runSequentially(SuiteRunner.java:450)
	at org.testng.SuiteRunner.privateRun(SuiteRunner.java:415)
	at org.testng.SuiteRunner.run(SuiteRunner.java:364)
	at org.testng.SuiteRunnerWorker.runSuite(SuiteRunnerWorker.java:52)
	at org.testng.SuiteRunnerWorker.run(SuiteRunnerWorker.java:84)
	at org.testng.TestNG.runSuitesSequentially(TestNG.java:1208)
	at org.testng.TestNG.runSuitesLocally(TestNG.java:1137)
	at org.testng.TestNG.runSuites(TestNG.java:1049)
	at org.testng.TestNG.run(TestNG.java:1017)
	at io.mosip.e2e.runner.EndToEndRun.main(EndToEndRun.java:29)
</pre></div></td>
<td>0</td>
<td>io.mosip.e2e.tests.AuthenticationTests@1a6c1270</td></tr>
<tr>
<td title='io.mosip.e2e.tests.AuthenticationTests.E2ERun_PrIdOfChildWithDocs_valid_uinAuthentication_BiometricAuthentication()'><b>E2ERun_PrIdOfChildWithDocs_valid_uinAuthentication_BiometricAuthentication</b><br>Test class: io.mosip.e2e.tests.AuthenticationTests<br>Parameters: [Ljava.lang.Object;@430a307f</td>
<td><div><pre>java.lang.AssertionError: expected [true] but found [false]
	at io.mosip.e2e.tests.AuthenticationTests.uinAuthentication_BiometricAuthentication(AuthenticationTests.java:129)
	at io.mosip.e2e.runner.EndToEndRun.main(EndToEndRun.java:29)
... Removed 26 stack frames</pre></div><a href='#' onClick='toggleBox("stack-trace977045479", this, "Click to show all stack frames", "Click to hide stack frames")'>Click to show all stack frames</a>
<div class='stack-trace' id='stack-trace977045479'><pre>java.lang.AssertionError: expected [true] but found [false]
	at org.testng.Assert.fail(Assert.java:96)
	at org.testng.Assert.failNotEquals(Assert.java:776)
	at org.testng.Assert.assertTrue(Assert.java:44)
	at org.testng.Assert.assertTrue(Assert.java:54)
	at io.mosip.e2e.tests.AuthenticationTests.uinAuthentication_BiometricAuthentication(AuthenticationTests.java:129)
	at sun.reflect.NativeMethodAccessorImpl.invoke0(Native Method)
	at sun.reflect.NativeMethodAccessorImpl.invoke(NativeMethodAccessorImpl.java:62)
	at sun.reflect.DelegatingMethodAccessorImpl.invoke(DelegatingMethodAccessorImpl.java:43)
	at java.lang.reflect.Method.invoke(Method.java:498)
	at org.testng.internal.MethodInvocationHelper.invokeMethod(MethodInvocationHelper.java:124)
	at org.testng.internal.Invoker.invokeMethod(Invoker.java:583)
	at org.testng.internal.Invoker.invokeTestMethod(Invoker.java:719)
	at org.testng.internal.Invoker.invokeTestMethods(Invoker.java:989)
	at org.testng.internal.TestMethodWorker.invokeTestMethods(TestMethodWorker.java:125)
	at org.testng.internal.TestMethodWorker.run(TestMethodWorker.java:109)
	at org.testng.TestRunner.privateRun(TestRunner.java:648)
	at org.testng.TestRunner.run(TestRunner.java:505)
	at org.testng.SuiteRunner.runTest(SuiteRunner.java:455)
	at org.testng.SuiteRunner.runSequentially(SuiteRunner.java:450)
	at org.testng.SuiteRunner.privateRun(SuiteRunner.java:415)
	at org.testng.SuiteRunner.run(SuiteRunner.java:364)
	at org.testng.SuiteRunnerWorker.runSuite(SuiteRunnerWorker.java:52)
	at org.testng.SuiteRunnerWorker.run(SuiteRunnerWorker.java:84)
	at org.testng.TestNG.runSuitesSequentially(TestNG.java:1208)
	at org.testng.TestNG.runSuitesLocally(TestNG.java:1137)
	at org.testng.TestNG.runSuites(TestNG.java:1049)
	at org.testng.TestNG.run(TestNG.java:1017)
	at io.mosip.e2e.runner.EndToEndRun.main(EndToEndRun.java:29)
</pre></div></td>
<td>0</td>
<td>io.mosip.e2e.tests.AuthenticationTests@1a6c1270</td></tr>
<tr>
<td title='io.mosip.e2e.tests.AuthenticationTests.E2ERun_PrIdOfChildWithDocs_valid_uinAuthentication_DemographicAuthentication()'><b>E2ERun_PrIdOfChildWithDocs_valid_uinAuthentication_DemographicAuthentication</b><br>Test class: io.mosip.e2e.tests.AuthenticationTests<br>Parameters: [Ljava.lang.Object;@5cb5d99</td>
<td><div><pre>java.lang.AssertionError: expected [true] but found [false]
	at io.mosip.e2e.tests.AuthenticationTests.uinAuthentication_DemographicAuthentication(AuthenticationTests.java:84)
	at io.mosip.e2e.runner.EndToEndRun.main(EndToEndRun.java:29)
... Removed 26 stack frames</pre></div><a href='#' onClick='toggleBox("stack-trace467523673", this, "Click to show all stack frames", "Click to hide stack frames")'>Click to show all stack frames</a>
<div class='stack-trace' id='stack-trace467523673'><pre>java.lang.AssertionError: expected [true] but found [false]
	at org.testng.Assert.fail(Assert.java:96)
	at org.testng.Assert.failNotEquals(Assert.java:776)
	at org.testng.Assert.assertTrue(Assert.java:44)
	at org.testng.Assert.assertTrue(Assert.java:54)
	at io.mosip.e2e.tests.AuthenticationTests.uinAuthentication_DemographicAuthentication(AuthenticationTests.java:84)
	at sun.reflect.NativeMethodAccessorImpl.invoke0(Native Method)
	at sun.reflect.NativeMethodAccessorImpl.invoke(NativeMethodAccessorImpl.java:62)
	at sun.reflect.DelegatingMethodAccessorImpl.invoke(DelegatingMethodAccessorImpl.java:43)
	at java.lang.reflect.Method.invoke(Method.java:498)
	at org.testng.internal.MethodInvocationHelper.invokeMethod(MethodInvocationHelper.java:124)
	at org.testng.internal.Invoker.invokeMethod(Invoker.java:583)
	at org.testng.internal.Invoker.invokeTestMethod(Invoker.java:719)
	at org.testng.internal.Invoker.invokeTestMethods(Invoker.java:989)
	at org.testng.internal.TestMethodWorker.invokeTestMethods(TestMethodWorker.java:125)
	at org.testng.internal.TestMethodWorker.run(TestMethodWorker.java:109)
	at org.testng.TestRunner.privateRun(TestRunner.java:648)
	at org.testng.TestRunner.run(TestRunner.java:505)
	at org.testng.SuiteRunner.runTest(SuiteRunner.java:455)
	at org.testng.SuiteRunner.runSequentially(SuiteRunner.java:450)
	at org.testng.SuiteRunner.privateRun(SuiteRunner.java:415)
	at org.testng.SuiteRunner.run(SuiteRunner.java:364)
	at org.testng.SuiteRunnerWorker.runSuite(SuiteRunnerWorker.java:52)
	at org.testng.SuiteRunnerWorker.run(SuiteRunnerWorker.java:84)
	at org.testng.TestNG.runSuitesSequentially(TestNG.java:1208)
	at org.testng.TestNG.runSuitesLocally(TestNG.java:1137)
	at org.testng.TestNG.runSuites(TestNG.java:1049)
	at org.testng.TestNG.run(TestNG.java:1017)
	at io.mosip.e2e.runner.EndToEndRun.main(EndToEndRun.java:29)
</pre></div></td>
<td>0</td>
<td>io.mosip.e2e.tests.AuthenticationTests@1a6c1270</td></tr>
<tr>
<td title='io.mosip.e2e.tests.AuthenticationTests.E2ERun_PrIdOfChildWithDocs_valid_uinAuthentication_EkycWithBiometricAuthentication()'><b>E2ERun_PrIdOfChildWithDocs_valid_uinAuthentication_EkycWithBiometricAuthentication</b><br>Test class: io.mosip.e2e.tests.AuthenticationTests<br>Parameters: [Ljava.lang.Object;@3bd57a1d</td>
<td><div><pre>java.lang.AssertionError: expected [true] but found [false]
	at io.mosip.e2e.tests.AuthenticationTests.uinAuthentication_EkycWithBiometricAuthentication(AuthenticationTests.java:102)
	at io.mosip.e2e.runner.EndToEndRun.main(EndToEndRun.java:29)
... Removed 26 stack frames</pre></div><a href='#' onClick='toggleBox("stack-trace1685202924", this, "Click to show all stack frames", "Click to hide stack frames")'>Click to show all stack frames</a>
<div class='stack-trace' id='stack-trace1685202924'><pre>java.lang.AssertionError: expected [true] but found [false]
	at org.testng.Assert.fail(Assert.java:96)
	at org.testng.Assert.failNotEquals(Assert.java:776)
	at org.testng.Assert.assertTrue(Assert.java:44)
	at org.testng.Assert.assertTrue(Assert.java:54)
	at io.mosip.e2e.tests.AuthenticationTests.uinAuthentication_EkycWithBiometricAuthentication(AuthenticationTests.java:102)
	at sun.reflect.NativeMethodAccessorImpl.invoke0(Native Method)
	at sun.reflect.NativeMethodAccessorImpl.invoke(NativeMethodAccessorImpl.java:62)
	at sun.reflect.DelegatingMethodAccessorImpl.invoke(DelegatingMethodAccessorImpl.java:43)
	at java.lang.reflect.Method.invoke(Method.java:498)
	at org.testng.internal.MethodInvocationHelper.invokeMethod(MethodInvocationHelper.java:124)
	at org.testng.internal.Invoker.invokeMethod(Invoker.java:583)
	at org.testng.internal.Invoker.invokeTestMethod(Invoker.java:719)
	at org.testng.internal.Invoker.invokeTestMethods(Invoker.java:989)
	at org.testng.internal.TestMethodWorker.invokeTestMethods(TestMethodWorker.java:125)
	at org.testng.internal.TestMethodWorker.run(TestMethodWorker.java:109)
	at org.testng.TestRunner.privateRun(TestRunner.java:648)
	at org.testng.TestRunner.run(TestRunner.java:505)
	at org.testng.SuiteRunner.runTest(SuiteRunner.java:455)
	at org.testng.SuiteRunner.runSequentially(SuiteRunner.java:450)
	at org.testng.SuiteRunner.privateRun(SuiteRunner.java:415)
	at org.testng.SuiteRunner.run(SuiteRunner.java:364)
	at org.testng.SuiteRunnerWorker.runSuite(SuiteRunnerWorker.java:52)
	at org.testng.SuiteRunnerWorker.run(SuiteRunnerWorker.java:84)
	at org.testng.TestNG.runSuitesSequentially(TestNG.java:1208)
	at org.testng.TestNG.runSuitesLocally(TestNG.java:1137)
	at org.testng.TestNG.runSuites(TestNG.java:1049)
	at org.testng.TestNG.run(TestNG.java:1017)
	at io.mosip.e2e.runner.EndToEndRun.main(EndToEndRun.java:29)
</pre></div></td>
<td>0</td>
<td>io.mosip.e2e.tests.AuthenticationTests@1a6c1270</td></tr>
<tr>
<td title='io.mosip.e2e.tests.AuthenticationTests.E2ERun_PrIdOfChildWithDocs_valid_uinAuthentication_EkycWithOtpAuthentication()'><b>E2ERun_PrIdOfChildWithDocs_valid_uinAuthentication_EkycWithOtpAuthentication</b><br>Test class: io.mosip.e2e.tests.AuthenticationTests<br>Parameters: [Ljava.lang.Object;@232470bf</td>
<td><div><pre>java.lang.AssertionError: expected [true] but found [false]
	at io.mosip.e2e.tests.AuthenticationTests.uinAuthentication_EkycWithOtpAuthentication(AuthenticationTests.java:93)
	at io.mosip.e2e.runner.EndToEndRun.main(EndToEndRun.java:29)
... Removed 26 stack frames</pre></div><a href='#' onClick='toggleBox("stack-trace36054535", this, "Click to show all stack frames", "Click to hide stack frames")'>Click to show all stack frames</a>
<div class='stack-trace' id='stack-trace36054535'><pre>java.lang.AssertionError: expected [true] but found [false]
	at org.testng.Assert.fail(Assert.java:96)
	at org.testng.Assert.failNotEquals(Assert.java:776)
	at org.testng.Assert.assertTrue(Assert.java:44)
	at org.testng.Assert.assertTrue(Assert.java:54)
	at io.mosip.e2e.tests.AuthenticationTests.uinAuthentication_EkycWithOtpAuthentication(AuthenticationTests.java:93)
	at sun.reflect.NativeMethodAccessorImpl.invoke0(Native Method)
	at sun.reflect.NativeMethodAccessorImpl.invoke(NativeMethodAccessorImpl.java:62)
	at sun.reflect.DelegatingMethodAccessorImpl.invoke(DelegatingMethodAccessorImpl.java:43)
	at java.lang.reflect.Method.invoke(Method.java:498)
	at org.testng.internal.MethodInvocationHelper.invokeMethod(MethodInvocationHelper.java:124)
	at org.testng.internal.Invoker.invokeMethod(Invoker.java:583)
	at org.testng.internal.Invoker.invokeTestMethod(Invoker.java:719)
	at org.testng.internal.Invoker.invokeTestMethods(Invoker.java:989)
	at org.testng.internal.TestMethodWorker.invokeTestMethods(TestMethodWorker.java:125)
	at org.testng.internal.TestMethodWorker.run(TestMethodWorker.java:109)
	at org.testng.TestRunner.privateRun(TestRunner.java:648)
	at org.testng.TestRunner.run(TestRunner.java:505)
	at org.testng.SuiteRunner.runTest(SuiteRunner.java:455)
	at org.testng.SuiteRunner.runSequentially(SuiteRunner.java:450)
	at org.testng.SuiteRunner.privateRun(SuiteRunner.java:415)
	at org.testng.SuiteRunner.run(SuiteRunner.java:364)
	at org.testng.SuiteRunnerWorker.runSuite(SuiteRunnerWorker.java:52)
	at org.testng.SuiteRunnerWorker.run(SuiteRunnerWorker.java:84)
	at org.testng.TestNG.runSuitesSequentially(TestNG.java:1208)
	at org.testng.TestNG.runSuitesLocally(TestNG.java:1137)
	at org.testng.TestNG.runSuites(TestNG.java:1049)
	at org.testng.TestNG.run(TestNG.java:1017)
	at io.mosip.e2e.runner.EndToEndRun.main(EndToEndRun.java:29)
</pre></div></td>
<td>0</td>
<td>io.mosip.e2e.tests.AuthenticationTests@1a6c1270</td></tr>
<tr>
<td title='io.mosip.e2e.tests.AuthenticationTests.E2ERun_PrIdOfChildWithDocs_valid_uinAuthentication_InternalBiometricAuthentication()'><b>E2ERun_PrIdOfChildWithDocs_valid_uinAuthentication_InternalBiometricAuthentication</b><br>Test class: io.mosip.e2e.tests.AuthenticationTests<br>Parameters: [Ljava.lang.Object;@6b537089</td>
<td><div><pre>java.lang.AssertionError: expected [true] but found [false]
	at io.mosip.e2e.tests.AuthenticationTests.uinAuthentication_InternalBiometricAuthentication(AuthenticationTests.java:111)
	at io.mosip.e2e.runner.EndToEndRun.main(EndToEndRun.java:29)
... Removed 26 stack frames</pre></div><a href='#' onClick='toggleBox("stack-trace1607483287", this, "Click to show all stack frames", "Click to hide stack frames")'>Click to show all stack frames</a>
<div class='stack-trace' id='stack-trace1607483287'><pre>java.lang.AssertionError: expected [true] but found [false]
	at org.testng.Assert.fail(Assert.java:96)
	at org.testng.Assert.failNotEquals(Assert.java:776)
	at org.testng.Assert.assertTrue(Assert.java:44)
	at org.testng.Assert.assertTrue(Assert.java:54)
	at io.mosip.e2e.tests.AuthenticationTests.uinAuthentication_InternalBiometricAuthentication(AuthenticationTests.java:111)
	at sun.reflect.NativeMethodAccessorImpl.invoke0(Native Method)
	at sun.reflect.NativeMethodAccessorImpl.invoke(NativeMethodAccessorImpl.java:62)
	at sun.reflect.DelegatingMethodAccessorImpl.invoke(DelegatingMethodAccessorImpl.java:43)
	at java.lang.reflect.Method.invoke(Method.java:498)
	at org.testng.internal.MethodInvocationHelper.invokeMethod(MethodInvocationHelper.java:124)
	at org.testng.internal.Invoker.invokeMethod(Invoker.java:583)
	at org.testng.internal.Invoker.invokeTestMethod(Invoker.java:719)
	at org.testng.internal.Invoker.invokeTestMethods(Invoker.java:989)
	at org.testng.internal.TestMethodWorker.invokeTestMethods(TestMethodWorker.java:125)
	at org.testng.internal.TestMethodWorker.run(TestMethodWorker.java:109)
	at org.testng.TestRunner.privateRun(TestRunner.java:648)
	at org.testng.TestRunner.run(TestRunner.java:505)
	at org.testng.SuiteRunner.runTest(SuiteRunner.java:455)
	at org.testng.SuiteRunner.runSequentially(SuiteRunner.java:450)
	at org.testng.SuiteRunner.privateRun(SuiteRunner.java:415)
	at org.testng.SuiteRunner.run(SuiteRunner.java:364)
	at org.testng.SuiteRunnerWorker.runSuite(SuiteRunnerWorker.java:52)
	at org.testng.SuiteRunnerWorker.run(SuiteRunnerWorker.java:84)
	at org.testng.TestNG.runSuitesSequentially(TestNG.java:1208)
	at org.testng.TestNG.runSuitesLocally(TestNG.java:1137)
	at org.testng.TestNG.runSuites(TestNG.java:1049)
	at org.testng.TestNG.run(TestNG.java:1017)
	at io.mosip.e2e.runner.EndToEndRun.main(EndToEndRun.java:29)
</pre></div></td>
<td>0</td>
<td>io.mosip.e2e.tests.AuthenticationTests@1a6c1270</td></tr>
<tr>
<td title='io.mosip.e2e.tests.AuthenticationTests.E2ERun_PrIdOfChildWithDocs_valid_uinAuthentication_OtpAuthentication()'><b>E2ERun_PrIdOfChildWithDocs_valid_uinAuthentication_OtpAuthentication</b><br>Test class: io.mosip.e2e.tests.AuthenticationTests<br>Parameters: [Ljava.lang.Object;@715d72de</td>
<td><div><pre>java.lang.AssertionError: expected [true] but found [false]
	at io.mosip.e2e.tests.AuthenticationTests.uinAuthentication_OtpAuthentication(AuthenticationTests.java:120)
	at io.mosip.e2e.runner.EndToEndRun.main(EndToEndRun.java:29)
... Removed 26 stack frames</pre></div><a href='#' onClick='toggleBox("stack-trace193979252", this, "Click to show all stack frames", "Click to hide stack frames")'>Click to show all stack frames</a>
<div class='stack-trace' id='stack-trace193979252'><pre>java.lang.AssertionError: expected [true] but found [false]
	at org.testng.Assert.fail(Assert.java:96)
	at org.testng.Assert.failNotEquals(Assert.java:776)
	at org.testng.Assert.assertTrue(Assert.java:44)
	at org.testng.Assert.assertTrue(Assert.java:54)
	at io.mosip.e2e.tests.AuthenticationTests.uinAuthentication_OtpAuthentication(AuthenticationTests.java:120)
	at sun.reflect.NativeMethodAccessorImpl.invoke0(Native Method)
	at sun.reflect.NativeMethodAccessorImpl.invoke(NativeMethodAccessorImpl.java:62)
	at sun.reflect.DelegatingMethodAccessorImpl.invoke(DelegatingMethodAccessorImpl.java:43)
	at java.lang.reflect.Method.invoke(Method.java:498)
	at org.testng.internal.MethodInvocationHelper.invokeMethod(MethodInvocationHelper.java:124)
	at org.testng.internal.Invoker.invokeMethod(Invoker.java:583)
	at org.testng.internal.Invoker.invokeTestMethod(Invoker.java:719)
	at org.testng.internal.Invoker.invokeTestMethods(Invoker.java:989)
	at org.testng.internal.TestMethodWorker.invokeTestMethods(TestMethodWorker.java:125)
	at org.testng.internal.TestMethodWorker.run(TestMethodWorker.java:109)
	at org.testng.TestRunner.privateRun(TestRunner.java:648)
	at org.testng.TestRunner.run(TestRunner.java:505)
	at org.testng.SuiteRunner.runTest(SuiteRunner.java:455)
	at org.testng.SuiteRunner.runSequentially(SuiteRunner.java:450)
	at org.testng.SuiteRunner.privateRun(SuiteRunner.java:415)
	at org.testng.SuiteRunner.run(SuiteRunner.java:364)
	at org.testng.SuiteRunnerWorker.runSuite(SuiteRunnerWorker.java:52)
	at org.testng.SuiteRunnerWorker.run(SuiteRunnerWorker.java:84)
	at org.testng.TestNG.runSuitesSequentially(TestNG.java:1208)
	at org.testng.TestNG.runSuitesLocally(TestNG.java:1137)
	at org.testng.TestNG.runSuites(TestNG.java:1049)
	at org.testng.TestNG.run(TestNG.java:1017)
	at io.mosip.e2e.runner.EndToEndRun.main(EndToEndRun.java:29)
</pre></div></td>
<td>0</td>
<td>io.mosip.e2e.tests.AuthenticationTests@1a6c1270</td></tr>
<tr>
<td title='io.mosip.e2e.tests.AuthenticationTests.E2ERun_PrIdOfChildWithoutDocs_valid_uinAuthentication_BiometricAuthentication()'><b>E2ERun_PrIdOfChildWithoutDocs_valid_uinAuthentication_BiometricAuthentication</b><br>Test class: io.mosip.e2e.tests.AuthenticationTests<br>Parameters: [Ljava.lang.Object;@4d330990</td>
<td><div><pre>java.lang.AssertionError: expected [true] but found [false]
	at io.mosip.e2e.tests.AuthenticationTests.uinAuthentication_BiometricAuthentication(AuthenticationTests.java:129)
	at io.mosip.e2e.runner.EndToEndRun.main(EndToEndRun.java:29)
... Removed 26 stack frames</pre></div><a href='#' onClick='toggleBox("stack-trace1281879777", this, "Click to show all stack frames", "Click to hide stack frames")'>Click to show all stack frames</a>
<div class='stack-trace' id='stack-trace1281879777'><pre>java.lang.AssertionError: expected [true] but found [false]
	at org.testng.Assert.fail(Assert.java:96)
	at org.testng.Assert.failNotEquals(Assert.java:776)
	at org.testng.Assert.assertTrue(Assert.java:44)
	at org.testng.Assert.assertTrue(Assert.java:54)
	at io.mosip.e2e.tests.AuthenticationTests.uinAuthentication_BiometricAuthentication(AuthenticationTests.java:129)
	at sun.reflect.NativeMethodAccessorImpl.invoke0(Native Method)
	at sun.reflect.NativeMethodAccessorImpl.invoke(NativeMethodAccessorImpl.java:62)
	at sun.reflect.DelegatingMethodAccessorImpl.invoke(DelegatingMethodAccessorImpl.java:43)
	at java.lang.reflect.Method.invoke(Method.java:498)
	at org.testng.internal.MethodInvocationHelper.invokeMethod(MethodInvocationHelper.java:124)
	at org.testng.internal.Invoker.invokeMethod(Invoker.java:583)
	at org.testng.internal.Invoker.invokeTestMethod(Invoker.java:719)
	at org.testng.internal.Invoker.invokeTestMethods(Invoker.java:989)
	at org.testng.internal.TestMethodWorker.invokeTestMethods(TestMethodWorker.java:125)
	at org.testng.internal.TestMethodWorker.run(TestMethodWorker.java:109)
	at org.testng.TestRunner.privateRun(TestRunner.java:648)
	at org.testng.TestRunner.run(TestRunner.java:505)
	at org.testng.SuiteRunner.runTest(SuiteRunner.java:455)
	at org.testng.SuiteRunner.runSequentially(SuiteRunner.java:450)
	at org.testng.SuiteRunner.privateRun(SuiteRunner.java:415)
	at org.testng.SuiteRunner.run(SuiteRunner.java:364)
	at org.testng.SuiteRunnerWorker.runSuite(SuiteRunnerWorker.java:52)
	at org.testng.SuiteRunnerWorker.run(SuiteRunnerWorker.java:84)
	at org.testng.TestNG.runSuitesSequentially(TestNG.java:1208)
	at org.testng.TestNG.runSuitesLocally(TestNG.java:1137)
	at org.testng.TestNG.runSuites(TestNG.java:1049)
	at org.testng.TestNG.run(TestNG.java:1017)
	at io.mosip.e2e.runner.EndToEndRun.main(EndToEndRun.java:29)
</pre></div></td>
<td>0</td>
<td>io.mosip.e2e.tests.AuthenticationTests@1a6c1270</td></tr>
<tr>
<td title='io.mosip.e2e.tests.AuthenticationTests.E2ERun_PrIdOfChildWithoutDocs_valid_uinAuthentication_DemographicAuthentication()'><b>E2ERun_PrIdOfChildWithoutDocs_valid_uinAuthentication_DemographicAuthentication</b><br>Test class: io.mosip.e2e.tests.AuthenticationTests<br>Parameters: [Ljava.lang.Object;@44a3e587</td>
<td><div><pre>java.lang.AssertionError: expected [true] but found [false]
	at io.mosip.e2e.tests.AuthenticationTests.uinAuthentication_DemographicAuthentication(AuthenticationTests.java:84)
	at io.mosip.e2e.runner.EndToEndRun.main(EndToEndRun.java:29)
... Removed 26 stack frames</pre></div><a href='#' onClick='toggleBox("stack-trace989109795", this, "Click to show all stack frames", "Click to hide stack frames")'>Click to show all stack frames</a>
<div class='stack-trace' id='stack-trace989109795'><pre>java.lang.AssertionError: expected [true] but found [false]
	at org.testng.Assert.fail(Assert.java:96)
	at org.testng.Assert.failNotEquals(Assert.java:776)
	at org.testng.Assert.assertTrue(Assert.java:44)
	at org.testng.Assert.assertTrue(Assert.java:54)
	at io.mosip.e2e.tests.AuthenticationTests.uinAuthentication_DemographicAuthentication(AuthenticationTests.java:84)
	at sun.reflect.NativeMethodAccessorImpl.invoke0(Native Method)
	at sun.reflect.NativeMethodAccessorImpl.invoke(NativeMethodAccessorImpl.java:62)
	at sun.reflect.DelegatingMethodAccessorImpl.invoke(DelegatingMethodAccessorImpl.java:43)
	at java.lang.reflect.Method.invoke(Method.java:498)
	at org.testng.internal.MethodInvocationHelper.invokeMethod(MethodInvocationHelper.java:124)
	at org.testng.internal.Invoker.invokeMethod(Invoker.java:583)
	at org.testng.internal.Invoker.invokeTestMethod(Invoker.java:719)
	at org.testng.internal.Invoker.invokeTestMethods(Invoker.java:989)
	at org.testng.internal.TestMethodWorker.invokeTestMethods(TestMethodWorker.java:125)
	at org.testng.internal.TestMethodWorker.run(TestMethodWorker.java:109)
	at org.testng.TestRunner.privateRun(TestRunner.java:648)
	at org.testng.TestRunner.run(TestRunner.java:505)
	at org.testng.SuiteRunner.runTest(SuiteRunner.java:455)
	at org.testng.SuiteRunner.runSequentially(SuiteRunner.java:450)
	at org.testng.SuiteRunner.privateRun(SuiteRunner.java:415)
	at org.testng.SuiteRunner.run(SuiteRunner.java:364)
	at org.testng.SuiteRunnerWorker.runSuite(SuiteRunnerWorker.java:52)
	at org.testng.SuiteRunnerWorker.run(SuiteRunnerWorker.java:84)
	at org.testng.TestNG.runSuitesSequentially(TestNG.java:1208)
	at org.testng.TestNG.runSuitesLocally(TestNG.java:1137)
	at org.testng.TestNG.runSuites(TestNG.java:1049)
	at org.testng.TestNG.run(TestNG.java:1017)
	at io.mosip.e2e.runner.EndToEndRun.main(EndToEndRun.java:29)
</pre></div></td>
<td>0</td>
<td>io.mosip.e2e.tests.AuthenticationTests@1a6c1270</td></tr>
<tr>
<td title='io.mosip.e2e.tests.AuthenticationTests.E2ERun_PrIdOfChildWithoutDocs_valid_uinAuthentication_EkycWithBiometricAuthentication()'><b>E2ERun_PrIdOfChildWithoutDocs_valid_uinAuthentication_EkycWithBiometricAuthentication</b><br>Test class: io.mosip.e2e.tests.AuthenticationTests<br>Parameters: [Ljava.lang.Object;@b0be134</td>
<td><div><pre>java.lang.AssertionError: expected [true] but found [false]
	at io.mosip.e2e.tests.AuthenticationTests.uinAuthentication_EkycWithBiometricAuthentication(AuthenticationTests.java:102)
	at io.mosip.e2e.runner.EndToEndRun.main(EndToEndRun.java:29)
... Removed 26 stack frames</pre></div><a href='#' onClick='toggleBox("stack-trace1955647212", this, "Click to show all stack frames", "Click to hide stack frames")'>Click to show all stack frames</a>
<div class='stack-trace' id='stack-trace1955647212'><pre>java.lang.AssertionError: expected [true] but found [false]
	at org.testng.Assert.fail(Assert.java:96)
	at org.testng.Assert.failNotEquals(Assert.java:776)
	at org.testng.Assert.assertTrue(Assert.java:44)
	at org.testng.Assert.assertTrue(Assert.java:54)
	at io.mosip.e2e.tests.AuthenticationTests.uinAuthentication_EkycWithBiometricAuthentication(AuthenticationTests.java:102)
	at sun.reflect.NativeMethodAccessorImpl.invoke0(Native Method)
	at sun.reflect.NativeMethodAccessorImpl.invoke(NativeMethodAccessorImpl.java:62)
	at sun.reflect.DelegatingMethodAccessorImpl.invoke(DelegatingMethodAccessorImpl.java:43)
	at java.lang.reflect.Method.invoke(Method.java:498)
	at org.testng.internal.MethodInvocationHelper.invokeMethod(MethodInvocationHelper.java:124)
	at org.testng.internal.Invoker.invokeMethod(Invoker.java:583)
	at org.testng.internal.Invoker.invokeTestMethod(Invoker.java:719)
	at org.testng.internal.Invoker.invokeTestMethods(Invoker.java:989)
	at org.testng.internal.TestMethodWorker.invokeTestMethods(TestMethodWorker.java:125)
	at org.testng.internal.TestMethodWorker.run(TestMethodWorker.java:109)
	at org.testng.TestRunner.privateRun(TestRunner.java:648)
	at org.testng.TestRunner.run(TestRunner.java:505)
	at org.testng.SuiteRunner.runTest(SuiteRunner.java:455)
	at org.testng.SuiteRunner.runSequentially(SuiteRunner.java:450)
	at org.testng.SuiteRunner.privateRun(SuiteRunner.java:415)
	at org.testng.SuiteRunner.run(SuiteRunner.java:364)
	at org.testng.SuiteRunnerWorker.runSuite(SuiteRunnerWorker.java:52)
	at org.testng.SuiteRunnerWorker.run(SuiteRunnerWorker.java:84)
	at org.testng.TestNG.runSuitesSequentially(TestNG.java:1208)
	at org.testng.TestNG.runSuitesLocally(TestNG.java:1137)
	at org.testng.TestNG.runSuites(TestNG.java:1049)
	at org.testng.TestNG.run(TestNG.java:1017)
	at io.mosip.e2e.runner.EndToEndRun.main(EndToEndRun.java:29)
</pre></div></td>
<td>0</td>
<td>io.mosip.e2e.tests.AuthenticationTests@1a6c1270</td></tr>
<tr>
<td title='io.mosip.e2e.tests.AuthenticationTests.E2ERun_PrIdOfChildWithoutDocs_valid_uinAuthentication_EkycWithOtpAuthentication()'><b>E2ERun_PrIdOfChildWithoutDocs_valid_uinAuthentication_EkycWithOtpAuthentication</b><br>Test class: io.mosip.e2e.tests.AuthenticationTests<br>Parameters: [Ljava.lang.Object;@1bde6f94</td>
<td><div><pre>java.lang.AssertionError: expected [true] but found [false]
	at io.mosip.e2e.tests.AuthenticationTests.uinAuthentication_EkycWithOtpAuthentication(AuthenticationTests.java:93)
	at io.mosip.e2e.runner.EndToEndRun.main(EndToEndRun.java:29)
... Removed 26 stack frames</pre></div><a href='#' onClick='toggleBox("stack-trace957027627", this, "Click to show all stack frames", "Click to hide stack frames")'>Click to show all stack frames</a>
<div class='stack-trace' id='stack-trace957027627'><pre>java.lang.AssertionError: expected [true] but found [false]
	at org.testng.Assert.fail(Assert.java:96)
	at org.testng.Assert.failNotEquals(Assert.java:776)
	at org.testng.Assert.assertTrue(Assert.java:44)
	at org.testng.Assert.assertTrue(Assert.java:54)
	at io.mosip.e2e.tests.AuthenticationTests.uinAuthentication_EkycWithOtpAuthentication(AuthenticationTests.java:93)
	at sun.reflect.NativeMethodAccessorImpl.invoke0(Native Method)
	at sun.reflect.NativeMethodAccessorImpl.invoke(NativeMethodAccessorImpl.java:62)
	at sun.reflect.DelegatingMethodAccessorImpl.invoke(DelegatingMethodAccessorImpl.java:43)
	at java.lang.reflect.Method.invoke(Method.java:498)
	at org.testng.internal.MethodInvocationHelper.invokeMethod(MethodInvocationHelper.java:124)
	at org.testng.internal.Invoker.invokeMethod(Invoker.java:583)
	at org.testng.internal.Invoker.invokeTestMethod(Invoker.java:719)
	at org.testng.internal.Invoker.invokeTestMethods(Invoker.java:989)
	at org.testng.internal.TestMethodWorker.invokeTestMethods(TestMethodWorker.java:125)
	at org.testng.internal.TestMethodWorker.run(TestMethodWorker.java:109)
	at org.testng.TestRunner.privateRun(TestRunner.java:648)
	at org.testng.TestRunner.run(TestRunner.java:505)
	at org.testng.SuiteRunner.runTest(SuiteRunner.java:455)
	at org.testng.SuiteRunner.runSequentially(SuiteRunner.java:450)
	at org.testng.SuiteRunner.privateRun(SuiteRunner.java:415)
	at org.testng.SuiteRunner.run(SuiteRunner.java:364)
	at org.testng.SuiteRunnerWorker.runSuite(SuiteRunnerWorker.java:52)
	at org.testng.SuiteRunnerWorker.run(SuiteRunnerWorker.java:84)
	at org.testng.TestNG.runSuitesSequentially(TestNG.java:1208)
	at org.testng.TestNG.runSuitesLocally(TestNG.java:1137)
	at org.testng.TestNG.runSuites(TestNG.java:1049)
	at org.testng.TestNG.run(TestNG.java:1017)
	at io.mosip.e2e.runner.EndToEndRun.main(EndToEndRun.java:29)
</pre></div></td>
<td>0</td>
<td>io.mosip.e2e.tests.AuthenticationTests@1a6c1270</td></tr>
<tr>
<td title='io.mosip.e2e.tests.AuthenticationTests.E2ERun_PrIdOfChildWithoutDocs_valid_uinAuthentication_InternalBiometricAuthentication()'><b>E2ERun_PrIdOfChildWithoutDocs_valid_uinAuthentication_InternalBiometricAuthentication</b><br>Test class: io.mosip.e2e.tests.AuthenticationTests<br>Parameters: [Ljava.lang.Object;@1998341e</td>
<td><div><pre>java.lang.AssertionError: expected [true] but found [false]
	at io.mosip.e2e.tests.AuthenticationTests.uinAuthentication_InternalBiometricAuthentication(AuthenticationTests.java:111)
	at io.mosip.e2e.runner.EndToEndRun.main(EndToEndRun.java:29)
... Removed 26 stack frames</pre></div><a href='#' onClick='toggleBox("stack-trace2103116822", this, "Click to show all stack frames", "Click to hide stack frames")'>Click to show all stack frames</a>
<div class='stack-trace' id='stack-trace2103116822'><pre>java.lang.AssertionError: expected [true] but found [false]
	at org.testng.Assert.fail(Assert.java:96)
	at org.testng.Assert.failNotEquals(Assert.java:776)
	at org.testng.Assert.assertTrue(Assert.java:44)
	at org.testng.Assert.assertTrue(Assert.java:54)
	at io.mosip.e2e.tests.AuthenticationTests.uinAuthentication_InternalBiometricAuthentication(AuthenticationTests.java:111)
	at sun.reflect.NativeMethodAccessorImpl.invoke0(Native Method)
	at sun.reflect.NativeMethodAccessorImpl.invoke(NativeMethodAccessorImpl.java:62)
	at sun.reflect.DelegatingMethodAccessorImpl.invoke(DelegatingMethodAccessorImpl.java:43)
	at java.lang.reflect.Method.invoke(Method.java:498)
	at org.testng.internal.MethodInvocationHelper.invokeMethod(MethodInvocationHelper.java:124)
	at org.testng.internal.Invoker.invokeMethod(Invoker.java:583)
	at org.testng.internal.Invoker.invokeTestMethod(Invoker.java:719)
	at org.testng.internal.Invoker.invokeTestMethods(Invoker.java:989)
	at org.testng.internal.TestMethodWorker.invokeTestMethods(TestMethodWorker.java:125)
	at org.testng.internal.TestMethodWorker.run(TestMethodWorker.java:109)
	at org.testng.TestRunner.privateRun(TestRunner.java:648)
	at org.testng.TestRunner.run(TestRunner.java:505)
	at org.testng.SuiteRunner.runTest(SuiteRunner.java:455)
	at org.testng.SuiteRunner.runSequentially(SuiteRunner.java:450)
	at org.testng.SuiteRunner.privateRun(SuiteRunner.java:415)
	at org.testng.SuiteRunner.run(SuiteRunner.java:364)
	at org.testng.SuiteRunnerWorker.runSuite(SuiteRunnerWorker.java:52)
	at org.testng.SuiteRunnerWorker.run(SuiteRunnerWorker.java:84)
	at org.testng.TestNG.runSuitesSequentially(TestNG.java:1208)
	at org.testng.TestNG.runSuitesLocally(TestNG.java:1137)
	at org.testng.TestNG.runSuites(TestNG.java:1049)
	at org.testng.TestNG.run(TestNG.java:1017)
	at io.mosip.e2e.runner.EndToEndRun.main(EndToEndRun.java:29)
</pre></div></td>
<td>0</td>
<td>io.mosip.e2e.tests.AuthenticationTests@1a6c1270</td></tr>
<tr>
<td title='io.mosip.e2e.tests.AuthenticationTests.E2ERun_PrIdOfChildWithoutDocs_valid_uinAuthentication_OtpAuthentication()'><b>E2ERun_PrIdOfChildWithoutDocs_valid_uinAuthentication_OtpAuthentication</b><br>Test class: io.mosip.e2e.tests.AuthenticationTests<br>Parameters: [Ljava.lang.Object;@6067b2f1</td>
<td><div><pre>java.lang.AssertionError: expected [true] but found [false]
	at io.mosip.e2e.tests.AuthenticationTests.uinAuthentication_OtpAuthentication(AuthenticationTests.java:120)
	at io.mosip.e2e.runner.EndToEndRun.main(EndToEndRun.java:29)
... Removed 26 stack frames</pre></div><a href='#' onClick='toggleBox("stack-trace1232303615", this, "Click to show all stack frames", "Click to hide stack frames")'>Click to show all stack frames</a>
<div class='stack-trace' id='stack-trace1232303615'><pre>java.lang.AssertionError: expected [true] but found [false]
	at org.testng.Assert.fail(Assert.java:96)
	at org.testng.Assert.failNotEquals(Assert.java:776)
	at org.testng.Assert.assertTrue(Assert.java:44)
	at org.testng.Assert.assertTrue(Assert.java:54)
	at io.mosip.e2e.tests.AuthenticationTests.uinAuthentication_OtpAuthentication(AuthenticationTests.java:120)
	at sun.reflect.NativeMethodAccessorImpl.invoke0(Native Method)
	at sun.reflect.NativeMethodAccessorImpl.invoke(NativeMethodAccessorImpl.java:62)
	at sun.reflect.DelegatingMethodAccessorImpl.invoke(DelegatingMethodAccessorImpl.java:43)
	at java.lang.reflect.Method.invoke(Method.java:498)
	at org.testng.internal.MethodInvocationHelper.invokeMethod(MethodInvocationHelper.java:124)
	at org.testng.internal.Invoker.invokeMethod(Invoker.java:583)
	at org.testng.internal.Invoker.invokeTestMethod(Invoker.java:719)
	at org.testng.internal.Invoker.invokeTestMethods(Invoker.java:989)
	at org.testng.internal.TestMethodWorker.invokeTestMethods(TestMethodWorker.java:125)
	at org.testng.internal.TestMethodWorker.run(TestMethodWorker.java:109)
	at org.testng.TestRunner.privateRun(TestRunner.java:648)
	at org.testng.TestRunner.run(TestRunner.java:505)
	at org.testng.SuiteRunner.runTest(SuiteRunner.java:455)
	at org.testng.SuiteRunner.runSequentially(SuiteRunner.java:450)
	at org.testng.SuiteRunner.privateRun(SuiteRunner.java:415)
	at org.testng.SuiteRunner.run(SuiteRunner.java:364)
	at org.testng.SuiteRunnerWorker.runSuite(SuiteRunnerWorker.java:52)
	at org.testng.SuiteRunnerWorker.run(SuiteRunnerWorker.java:84)
	at org.testng.TestNG.runSuitesSequentially(TestNG.java:1208)
	at org.testng.TestNG.runSuitesLocally(TestNG.java:1137)
	at org.testng.TestNG.runSuites(TestNG.java:1049)
	at org.testng.TestNG.run(TestNG.java:1017)
	at io.mosip.e2e.runner.EndToEndRun.main(EndToEndRun.java:29)
</pre></div></td>
<td>0</td>
<td>io.mosip.e2e.tests.AuthenticationTests@1a6c1270</td></tr>
</table><p>
<table width='100%' border='1' class='invocation-passed'>
<tr><td colspan='4' align='center'><b>PASSED TESTS</b></td></tr>
<tr><td><b>Test method</b></td>
<td width="30%"><b>Exception</b></td>
<td width="10%"><b>Time (seconds)</b></td>
<td><b>Instance</b></td>
</tr>
<tr>
<td title='io.mosip.e2e.tests.AuthenticationTests.E2ERun_PrIdOfAdultWithDocs_valid_createUinFile()'><b>E2ERun_PrIdOfAdultWithDocs_valid_createUinFile</b><br>Test class: io.mosip.e2e.tests.AuthenticationTests<br>Parameters: [Ljava.lang.Object;@6011fc7</td>
<td></td>
<td>683</td>
<td>io.mosip.e2e.tests.AuthenticationTests@1a6c1270</td></tr>
<tr>
<td title='io.mosip.e2e.tests.AuthenticationTests.E2ERun_PrIdOfAdultWithDocs_valid_uinAuthentication_OtpGeneration()'><b>E2ERun_PrIdOfAdultWithDocs_valid_uinAuthentication_OtpGeneration</b><br>Test class: io.mosip.e2e.tests.AuthenticationTests<br>Parameters: [Ljava.lang.Object;@60bfe11e</td>
<td></td>
<td>0</td>
<td>io.mosip.e2e.tests.AuthenticationTests@1a6c1270</td></tr>
<tr>
<td title='io.mosip.e2e.tests.AuthenticationTests.E2ERun_PrIdOfAdultWithoutDocs_valid_createUinFile()'><b>E2ERun_PrIdOfAdultWithoutDocs_valid_createUinFile</b><br>Test class: io.mosip.e2e.tests.AuthenticationTests<br>Parameters: [Ljava.lang.Object;@3d1227c2</td>
<td></td>
<td>2897</td>
<td>io.mosip.e2e.tests.AuthenticationTests@1a6c1270</td></tr>
<tr>
<td title='io.mosip.e2e.tests.AuthenticationTests.E2ERun_PrIdOfAdultWithoutDocs_valid_uinAuthentication_OtpGeneration()'><b>E2ERun_PrIdOfAdultWithoutDocs_valid_uinAuthentication_OtpGeneration</b><br>Test class: io.mosip.e2e.tests.AuthenticationTests<br>Parameters: [Ljava.lang.Object;@6c64f7c1</td>
<td></td>
<td>0</td>
<td>io.mosip.e2e.tests.AuthenticationTests@1a6c1270</td></tr>
<tr>
<td title='io.mosip.e2e.tests.AuthenticationTests.E2ERun_PrIdOfChildWithDocs_valid_createUinFile()'><b>E2ERun_PrIdOfChildWithDocs_valid_createUinFile</b><br>Test class: io.mosip.e2e.tests.AuthenticationTests<br>Parameters: [Ljava.lang.Object;@621532ad</td>
<td></td>
<td>1203</td>
<td>io.mosip.e2e.tests.AuthenticationTests@1a6c1270</td></tr>
<tr>
<td title='io.mosip.e2e.tests.AuthenticationTests.E2ERun_PrIdOfChildWithDocs_valid_uinAuthentication_OtpGeneration()'><b>E2ERun_PrIdOfChildWithDocs_valid_uinAuthentication_OtpGeneration</b><br>Test class: io.mosip.e2e.tests.AuthenticationTests<br>Parameters: [Ljava.lang.Object;@7d3d98e0</td>
<td></td>
<td>0</td>
<td>io.mosip.e2e.tests.AuthenticationTests@1a6c1270</td></tr>
<tr>
<td title='io.mosip.e2e.tests.AuthenticationTests.E2ERun_PrIdOfChildWithoutDocs_valid_createUinFile()'><b>E2ERun_PrIdOfChildWithoutDocs_valid_createUinFile</b><br>Test class: io.mosip.e2e.tests.AuthenticationTests<br>Parameters: [Ljava.lang.Object;@51bd9cb2</td>
<td></td>
<td>659</td>
<td>io.mosip.e2e.tests.AuthenticationTests@1a6c1270</td></tr>
<tr>
<td title='io.mosip.e2e.tests.AuthenticationTests.E2ERun_PrIdOfChildWithoutDocs_valid_uinAuthentication_OtpGeneration()'><b>E2ERun_PrIdOfChildWithoutDocs_valid_uinAuthentication_OtpGeneration</b><br>Test class: io.mosip.e2e.tests.AuthenticationTests<br>Parameters: [Ljava.lang.Object;@1aacb3bb</td>
<td></td>
<td>0</td>
<td>io.mosip.e2e.tests.AuthenticationTests@1a6c1270</td></tr>
</table><p>
</body>
</html>