<?xml version="1.0" encoding="UTF-8"?>
<!-- Generated by org.testng.reporters.JUnitXMLReporter -->
<testsuite hostname="A2ML20178" ignored="2" name="Functional" tests="44" failures="13" timestamp="12 Dec 2018 09:39:15 GMT" time="29.404" errors="0">
  <testcase name="init" time="1.328" classname="mosip.api.scripts.kernel_module"/>
  <testcase name="4_2_1_AuditManager_MOS_441_829_smoke_ValidatingAuditManager" time="1.567" classname="mosip.api.scripts.kernel_module"/>
  <testcase name="4_2_3_AuditManager_MOS_441_829_smoke_ActiontimeStampMissing" time="0.225" classname="mosip.api.scripts.kernel_module"/>
  <testcase name="4_2_3_AuditManager_MOS_441_829_smoke_sessionUserIdMissing" time="0.302" classname="mosip.api.scripts.kernel_module"/>
  <testcase name="4_2_3_AuditManager_MOS_441_829_smoke_idType_Missing" time="0.144" classname="mosip.api.scripts.kernel_module"/>
  <testcase name="init" time="0.121" classname="mosip.api.scripts.kernel_module"/>
  <testcase name="4_2_3_sms_MOS-961_smoke_trigger sms with empty phone Number" time="0.244" classname="mosip.api.scripts.kernel_module">
    <failure type="java.lang.AssertionError" message="expected [FINISHED] but found [FAILED]">
      <![CDATA[java.lang.AssertionError: expected [FINISHED] but found [FAILED]
	at mosip.api.scripts.kernel_module.init(kernel_module.java:157)
... Removed 30 stack frames]]>
    </failure>
  </testcase> <!-- 4_2_3_sms_MOS-961_smoke_trigger sms with empty phone Number -->
  <testcase name="4_2_3_sms_MOS-961_smoke_trigger sms with valid Inputs" time="0.46" classname="mosip.api.scripts.kernel_module"/>
  <testcase name="init" time="0.001" classname="mosip.api.scripts.kernel_module"/>
  <testcase name="4_2_3_sms_MOS-973_smoke_trigger email with mandatory fields" time="0.383" classname="mosip.api.scripts.kernel_module"/>
  <testcase name="4_2_3_sms_MOS-973_smoke_trigger email with empty content" time="0.117" classname="mosip.api.scripts.kernel_module"/>
  <testcase name="init" time="0.04" classname="mosip.api.scripts.kernel_module"/>
  <testcase name="4_2_3_OTPmanager_MOS_33_smoke_otp generation with valid key" time="0.339" classname="mosip.api.scripts.kernel_module"/>
  <testcase name="4_2_3_OTPmanager_MOS_35_36_smoke_Validation_Key_OTP" time="0.609" classname="mosip.api.scripts.kernel_module">
    <failure type="java.lang.AssertionError" message="expected [FINISHED] but found [FAILED]">
      <![CDATA[java.lang.AssertionError: expected [FINISHED] but found [FAILED]
	at mosip.api.scripts.kernel_module.init(kernel_module.java:157)
... Removed 30 stack frames]]>
    </failure>
  </testcase> <!-- 4_2_3_OTPmanager_MOS_35_36_smoke_Validation_Key_OTP -->
  <testcase name="4_2_3_AuditManager_MOS_441_829_Progression_EventNameMissing" time="0.247" classname="mosip.api.scripts.kernel_module"/>
  <testcase name="4_2_3_AuditManager_MOS_441_829_Progression_EventTypeMissing" time="0.228" classname="mosip.api.scripts.kernel_module"/>
  <testcase name="4_2_3_sms_MOS-973_Progression_trigger email with empty receiver" time="0.318" classname="mosip.api.scripts.kernel_module"/>
  <testcase name="4_2_3_sms_MOS-973_Progression_trigger email with empty subject" time="0.315" classname="mosip.api.scripts.kernel_module"/>
  <testcase name="4_2_3_Progression_OTPmanager_MOS_33_Verify key present in otp table after otp generation" time="0.419" classname="mosip.api.scripts.kernel_module"/>
  <testcase name="4_2_3_OTPmanager_MOS_33_Progression_otp should not be less than 6 digit" time="0.223" classname="mosip.api.scripts.kernel_module"/>
  <testcase name="4_2_3_OTPmanager_MOS_35_36_Progression_Validating_invalid_Key" time="0.605" classname="mosip.api.scripts.kernel_module"/>
  <testcase name="4_2_3_OTPmanager_MOS_423_Progression_Validating_Blocked_Key" time="1.073" classname="mosip.api.scripts.kernel_module">
    <failure type="java.lang.AssertionError" message="expected [FINISHED] but found [FAILED]">
      <![CDATA[java.lang.AssertionError: expected [FINISHED] but found [FAILED]
	at mosip.api.scripts.kernel_module.init1(kernel_module.java:294)
... Removed 30 stack frames]]>
    </failure>
  </testcase> <!-- 4_2_3_OTPmanager_MOS_423_Progression_Validating_Blocked_Key -->
  <testcase name="4_2_3_OTPmanager_MOS_35_36_Progression_Number_with_sp_chars" time="2.008" classname="mosip.api.scripts.kernel_module"/>
  <testcase name="4_2_2_OTPmanager_MOS_35_36_Progression_Key_with_3 digits" time="0.846" classname="mosip.api.scripts.kernel_module"/>
  <testcase name="init" time="0.991" classname="mosip.api.scripts.pre_reg_module"/>
  <testcase name="Mosip_test_Application Manager_functional_smoke_HIGH_1_create a new Pre-registration(individual)" time="0.305" classname="mosip.api.scripts.pre_reg_module">
    <failure type="java.lang.AssertionError" message="expected [FINISHED] but found [FAILED]">
      <![CDATA[java.lang.AssertionError: expected [FINISHED] but found [FAILED]
	at mosip.api.scripts.pre_reg_module.init(pre_reg_module.java:157)
... Removed 30 stack frames]]>
    </failure>
  </testcase> <!-- Mosip_test_Application Manager_functional_smoke_HIGH_1_create a new Pre-registration(individual) -->
  <testcase name="init" time="0.122" classname="mosip.api.scripts.pre_reg_module"/>
  <testcase name="Mosip_test_Application Manager_functional_smoke_HIGH_1_Fetch Application with valid uers ID" time="0.241" classname="mosip.api.scripts.pre_reg_module">
    <failure type="java.lang.AssertionError" message="expected [FINISHED] but found [FAILED]">
      <![CDATA[java.lang.AssertionError: expected [FINISHED] but found [FAILED]
	at mosip.api.scripts.pre_reg_module.init(pre_reg_module.java:157)
... Removed 30 stack frames]]>
    </failure>
  </testcase> <!-- Mosip_test_Application Manager_functional_smoke_HIGH_1_Fetch Application with valid uers ID -->
  <testcase name="init" time="0.104" classname="mosip.api.scripts.pre_reg_module"/>
  <testcase name="Mosip_test_Application Manager_functional_smoke_HIGH_1_Fetch Application Status valid Pre ID" time="0.802" classname="mosip.api.scripts.pre_reg_module">
    <failure type="java.lang.AssertionError" message="expected [FINISHED] but found [FAILED]">
      <![CDATA[java.lang.AssertionError: expected [FINISHED] but found [FAILED]
	at mosip.api.scripts.pre_reg_module.init(pre_reg_module.java:157)
... Removed 30 stack frames]]>
    </failure>
  </testcase> <!-- Mosip_test_Application Manager_functional_smoke_HIGH_1_Fetch Application Status valid Pre ID -->
  <testcase name="init" time="0.093" classname="mosip.api.scripts.pre_reg_module"/>
  <testcase name="Mosip_test_Application Manager_functional_smoke_HIGH_1_Discard individual with panding status" time="0.259" classname="mosip.api.scripts.pre_reg_module">
    <failure type="java.lang.AssertionError" message="expected [FINISHED] but found [FAILED]">
      <![CDATA[java.lang.AssertionError: expected [FINISHED] but found [FAILED]
	at mosip.api.scripts.pre_reg_module.init(pre_reg_module.java:157)
... Removed 30 stack frames]]>
    </failure>
  </testcase> <!-- Mosip_test_Application Manager_functional_smoke_HIGH_1_Discard individual with panding status -->
  <testcase name="init" time="0.081" classname="mosip.api.scripts.pre_reg_module"/>
  <testcase name="Mosip_test_ Data Sync_fun_Smoke_HIGH_1_Fetching all Pre Reg ID" time="0.225" classname="mosip.api.scripts.pre_reg_module">
    <failure type="java.lang.AssertionError" message="expected [FINISHED] but found [FAILED]">
      <![CDATA[java.lang.AssertionError: expected [FINISHED] but found [FAILED]
	at mosip.api.scripts.pre_reg_module.init(pre_reg_module.java:157)
... Removed 30 stack frames]]>
    </failure>
  </testcase> <!-- Mosip_test_ Data Sync_fun_Smoke_HIGH_1_Fetching all Pre Reg ID -->
  <testcase name="init" time="0.096" classname="mosip.api.scripts.pre_reg_module"/>
  <testcase name="smoke" time="0.209" classname="mosip.api.scripts.pre_reg_module">
    <failure type="java.lang.AssertionError" message="expected [FINISHED] but found [FAILED]">
      <![CDATA[java.lang.AssertionError: expected [FINISHED] but found [FAILED]
	at mosip.api.scripts.pre_reg_module.init(pre_reg_module.java:157)
... Removed 30 stack frames]]>
    </failure>
  </testcase> <!-- smoke -->
  <testcase name="init" time="0.175" classname="mosip.api.scripts.pre_reg_module"/>
  <testcase name="Mosip_test_DocumentUpload_fn_smoke_High_1_DocumentUpload" time="0.809" classname="mosip.api.scripts.pre_reg_module"/>
  <testcase name="Mosip_test_Application Manager_functional_progression_HIGH_4_Create Pre-Registration without passing any value" time="0.202" classname="mosip.api.scripts.pre_reg_module">
    <failure type="java.lang.AssertionError" message="expected [FINISHED] but found [FAILED]">
      <![CDATA[java.lang.AssertionError: expected [FINISHED] but found [FAILED]
	at mosip.api.scripts.pre_reg_module.init1(pre_reg_module.java:294)
... Removed 30 stack frames]]>
    </failure>
  </testcase> <!-- Mosip_test_Application Manager_functional_progression_HIGH_4_Create Pre-Registration without passing any value -->
  <testcase name="Mosip_test_Application Manager_functional_progression_HIGH_2_Fetch Application with invalid uers ID" time="0.349" classname="mosip.api.scripts.pre_reg_module">
    <failure type="java.lang.AssertionError" message="expected [FINISHED] but found [FAILED]">
      <![CDATA[java.lang.AssertionError: expected [FINISHED] but found [FAILED]
	at mosip.api.scripts.pre_reg_module.init1(pre_reg_module.java:294)
... Removed 30 stack frames]]>
    </failure>
  </testcase> <!-- Mosip_test_Application Manager_functional_progression_HIGH_2_Fetch Application with invalid uers ID -->
  <testcase name="Mosip_test_Application Manager_functional__Progression_HIGH_2_Discard individual with Booked Status" time="0.224" classname="mosip.api.scripts.pre_reg_module">
    <failure type="java.lang.AssertionError" message="expected [FINISHED] but found [FAILED]">
      <![CDATA[java.lang.AssertionError: expected [FINISHED] but found [FAILED]
	at mosip.api.scripts.pre_reg_module.init1(pre_reg_module.java:294)
... Removed 30 stack frames]]>
    </failure>
  </testcase> <!-- Mosip_test_Application Manager_functional__Progression_HIGH_2_Discard individual with Booked Status -->
  <testcase name="Mosip_test_Application Manager_functional__Progression_HIGH_3_Discard individual with Expired Status" time="0.417" classname="mosip.api.scripts.pre_reg_module">
    <failure type="java.lang.AssertionError" message="expected [FINISHED] but found [FAILED]">
      <![CDATA[java.lang.AssertionError: expected [FINISHED] but found [FAILED]
	at mosip.api.scripts.pre_reg_module.init1(pre_reg_module.java:294)
... Removed 30 stack frames]]>
    </failure>
  </testcase> <!-- Mosip_test_Application Manager_functional__Progression_HIGH_3_Discard individual with Expired Status -->
  <testcase name="Mosip_test_DocuemntUpload_fn_Progression_High_1_ValidDocumentUpload" time="4.007" classname="mosip.api.scripts.pre_reg_module"/>
  <testcase name="Mosip_test_DocumentUpload_fn_Progression_Med_2_EqualToFileSize" time="1.24" classname="mosip.api.scripts.pre_reg_module"/>
  <testcase name="init2" time="0.0" classname="mosip.api.scripts.kernel_module">
    <ignored/>
  </testcase> <!-- init2 -->
  <testcase name="init2" time="0.0" classname="mosip.api.scripts.pre_reg_module">
    <ignored/>
  </testcase> <!-- init2 -->
</testsuite> <!-- Functional -->
