<html>
<head>
<title>TestNG:  Functional</title>
<link href="../testng.css" rel="stylesheet" type="text/css" />
<link href="../my-testng.css" rel="stylesheet" type="text/css" />

<style type="text/css">
.log { display: none;} 
.stack-trace { display: none;} 
</style>
<script type="text/javascript">
<!--
function flip(e) {
  current = e.style.display;
  if (current == 'block') {
    e.style.display = 'none';
    return 0;
  }
  else {
    e.style.display = 'block';
    return 1;
  }
}

function toggleBox(szDivId, elem, msg1, msg2)
{
  var res = -1;  if (document.getElementById) {
    res = flip(document.getElementById(szDivId));
  }
  else if (document.all) {
    // this is the way old msie versions work
    res = flip(document.all[szDivId]);
  }
  if(elem) {
    if(res == 0) elem.innerHTML = msg1; else elem.innerHTML = msg2;
  }

}

function toggleAllBoxes() {
  if (document.getElementsByTagName) {
    d = document.getElementsByTagName('div');
    for (i = 0; i < d.length; i++) {
      if (d[i].className == 'log') {
        flip(d[i]);
      }
    }
  }
}

// -->
</script>

</head>
<body>
<h2 align='center'>Functional</h2><table border='1' align="center">
<tr>
<td>Tests passed/Failed/Skipped:</td><td>31/13/0</td>
</tr><tr>
<td>Started on:</td><td>Wed Dec 12 15:08:45 IST 2018</td>
</tr>
<tr><td>Total time:</td><td>29 seconds (29404 ms)</td>
</tr><tr>
<td>Included groups:</td><td>smoke progression </td>
</tr><tr>
<td>Excluded groups:</td><td>regression </td>
</tr>
</table><p/>
<small><i>(Hover the method name to see the test class name)</i></small><p/>
<table width='100%' border='1' class='invocation-failed'>
<tr><td colspan='4' align='center'><b>FAILED TESTS</b></td></tr>
<tr><td><b>Test method</b></td>
<td width="30%"><b>Exception</b></td>
<td width="10%"><b>Time (seconds)</b></td>
<td><b>Instance</b></td>
</tr>
<tr>
<td title='mosip.api.scripts.kernel_module.init()'><b>init</b><br>Test class: mosip.api.scripts.kernel_module (4_2_2_OTPmanager_MOS_35_36_Progression_Key_with_3 digits)<br>Parameters: 4_2_3_sms_MOS-961_smoke_trigger sms with empty phone Number, com.eviware.soapui.impl.wsdl.WsdlTestSuite@3e906375</td>
<td><div><pre>java.lang.AssertionError: expected [FINISHED] but found [FAILED]
	at mosip.api.scripts.kernel_module.init(kernel_module.java:157)
... Removed 30 stack frames</pre></div><a href='#' onClick='toggleBox("stack-trace238612663", this, "Click to show all stack frames", "Click to hide stack frames")'>Click to show all stack frames</a>
<div class='stack-trace' id='stack-trace238612663'><pre>java.lang.AssertionError: expected [FINISHED] but found [FAILED]
	at org.testng.Assert.fail(Assert.java:93)
	at org.testng.Assert.failNotEquals(Assert.java:512)
	at org.testng.Assert.assertEqualsImpl(Assert.java:134)
	at org.testng.Assert.assertEquals(Assert.java:115)
	at org.testng.Assert.assertEquals(Assert.java:178)
	at mosip.api.scripts.kernel_module.init(kernel_module.java:157)
	at sun.reflect.NativeMethodAccessorImpl.invoke0(Native Method)
	at sun.reflect.NativeMethodAccessorImpl.invoke(NativeMethodAccessorImpl.java:62)
	at sun.reflect.DelegatingMethodAccessorImpl.invoke(DelegatingMethodAccessorImpl.java:43)
	at java.lang.reflect.Method.invoke(Method.java:497)
	at org.testng.internal.MethodInvocationHelper.invokeMethod(MethodInvocationHelper.java:108)
	at org.testng.internal.Invoker.invokeMethod(Invoker.java:661)
	at org.testng.internal.Invoker.invokeTestMethod(Invoker.java:869)
	at org.testng.internal.Invoker.invokeTestMethods(Invoker.java:1193)
	at org.testng.internal.TestMethodWorker.invokeTestMethods(TestMethodWorker.java:126)
	at org.testng.internal.TestMethodWorker.run(TestMethodWorker.java:109)
	at org.testng.TestRunner.privateRun(TestRunner.java:744)
	at org.testng.TestRunner.run(TestRunner.java:602)
	at org.testng.SuiteRunner.runTest(SuiteRunner.java:380)
	at org.testng.SuiteRunner.runSequentially(SuiteRunner.java:375)
	at org.testng.SuiteRunner.privateRun(SuiteRunner.java:340)
	at org.testng.SuiteRunner.run(SuiteRunner.java:289)
	at org.testng.SuiteRunnerWorker.runSuite(SuiteRunnerWorker.java:52)
	at org.testng.SuiteRunnerWorker.run(SuiteRunnerWorker.java:86)
	at org.testng.TestNG.runSuitesSequentially(TestNG.java:1301)
	at org.testng.TestNG.runSuitesLocally(TestNG.java:1226)
	at org.testng.TestNG.runSuites(TestNG.java:1144)
	at org.testng.TestNG.run(TestNG.java:1115)
	at org.testng.remote.AbstractRemoteTestNG.run(AbstractRemoteTestNG.java:126)
	at org.testng.remote.RemoteTestNG.initAndRun(RemoteTestNG.java:152)
	at org.testng.remote.RemoteTestNG.main(RemoteTestNG.java:57)
</pre></div></td>
<td>0</td>
<td>mosip.api.scripts.kernel_module@9a7504c</td></tr>
<tr>
<td title='mosip.api.scripts.kernel_module.init()'><b>init</b><br>Test class: mosip.api.scripts.kernel_module (4_2_2_OTPmanager_MOS_35_36_Progression_Key_with_3 digits)<br>Parameters: 4_2_3_OTPmanager_MOS_35_36_smoke_Validation_Key_OTP, com.eviware.soapui.impl.wsdl.WsdlTestSuite@3f81621c</td>
<td><div><pre>java.lang.AssertionError: expected [FINISHED] but found [FAILED]
	at mosip.api.scripts.kernel_module.init(kernel_module.java:157)
... Removed 30 stack frames</pre></div><a href='#' onClick='toggleBox("stack-trace1879202713", this, "Click to show all stack frames", "Click to hide stack frames")'>Click to show all stack frames</a>
<div class='stack-trace' id='stack-trace1879202713'><pre>java.lang.AssertionError: expected [FINISHED] but found [FAILED]
	at org.testng.Assert.fail(Assert.java:93)
	at org.testng.Assert.failNotEquals(Assert.java:512)
	at org.testng.Assert.assertEqualsImpl(Assert.java:134)
	at org.testng.Assert.assertEquals(Assert.java:115)
	at org.testng.Assert.assertEquals(Assert.java:178)
	at mosip.api.scripts.kernel_module.init(kernel_module.java:157)
	at sun.reflect.NativeMethodAccessorImpl.invoke0(Native Method)
	at sun.reflect.NativeMethodAccessorImpl.invoke(NativeMethodAccessorImpl.java:62)
	at sun.reflect.DelegatingMethodAccessorImpl.invoke(DelegatingMethodAccessorImpl.java:43)
	at java.lang.reflect.Method.invoke(Method.java:497)
	at org.testng.internal.MethodInvocationHelper.invokeMethod(MethodInvocationHelper.java:108)
	at org.testng.internal.Invoker.invokeMethod(Invoker.java:661)
	at org.testng.internal.Invoker.invokeTestMethod(Invoker.java:869)
	at org.testng.internal.Invoker.invokeTestMethods(Invoker.java:1193)
	at org.testng.internal.TestMethodWorker.invokeTestMethods(TestMethodWorker.java:126)
	at org.testng.internal.TestMethodWorker.run(TestMethodWorker.java:109)
	at org.testng.TestRunner.privateRun(TestRunner.java:744)
	at org.testng.TestRunner.run(TestRunner.java:602)
	at org.testng.SuiteRunner.runTest(SuiteRunner.java:380)
	at org.testng.SuiteRunner.runSequentially(SuiteRunner.java:375)
	at org.testng.SuiteRunner.privateRun(SuiteRunner.java:340)
	at org.testng.SuiteRunner.run(SuiteRunner.java:289)
	at org.testng.SuiteRunnerWorker.runSuite(SuiteRunnerWorker.java:52)
	at org.testng.SuiteRunnerWorker.run(SuiteRunnerWorker.java:86)
	at org.testng.TestNG.runSuitesSequentially(TestNG.java:1301)
	at org.testng.TestNG.runSuitesLocally(TestNG.java:1226)
	at org.testng.TestNG.runSuites(TestNG.java:1144)
	at org.testng.TestNG.run(TestNG.java:1115)
	at org.testng.remote.AbstractRemoteTestNG.run(AbstractRemoteTestNG.java:126)
	at org.testng.remote.RemoteTestNG.initAndRun(RemoteTestNG.java:152)
	at org.testng.remote.RemoteTestNG.main(RemoteTestNG.java:57)
</pre></div></td>
<td>0</td>
<td>mosip.api.scripts.kernel_module@9a7504c</td></tr>
<tr>
<td title='mosip.api.scripts.pre_reg_module.init()'><b>init</b><br>Test class: mosip.api.scripts.pre_reg_module (Mosip_test_DocumentUpload_fn_Progression_Med_2_EqualToFileSize)<br>Parameters: Mosip_test_Application Manager_functional_smoke_HIGH_1_create a new Pre-registration(individual), com.eviware.soapui.impl.wsdl.WsdlTestSuite@4962b41e</td>
<td><div><pre>java.lang.AssertionError: expected [FINISHED] but found [FAILED]
	at mosip.api.scripts.pre_reg_module.init(pre_reg_module.java:157)
... Removed 30 stack frames</pre></div><a href='#' onClick='toggleBox("stack-trace129059937", this, "Click to show all stack frames", "Click to hide stack frames")'>Click to show all stack frames</a>
<div class='stack-trace' id='stack-trace129059937'><pre>java.lang.AssertionError: expected [FINISHED] but found [FAILED]
	at org.testng.Assert.fail(Assert.java:93)
	at org.testng.Assert.failNotEquals(Assert.java:512)
	at org.testng.Assert.assertEqualsImpl(Assert.java:134)
	at org.testng.Assert.assertEquals(Assert.java:115)
	at org.testng.Assert.assertEquals(Assert.java:178)
	at mosip.api.scripts.pre_reg_module.init(pre_reg_module.java:157)
	at sun.reflect.NativeMethodAccessorImpl.invoke0(Native Method)
	at sun.reflect.NativeMethodAccessorImpl.invoke(NativeMethodAccessorImpl.java:62)
	at sun.reflect.DelegatingMethodAccessorImpl.invoke(DelegatingMethodAccessorImpl.java:43)
	at java.lang.reflect.Method.invoke(Method.java:497)
	at org.testng.internal.MethodInvocationHelper.invokeMethod(MethodInvocationHelper.java:108)
	at org.testng.internal.Invoker.invokeMethod(Invoker.java:661)
	at org.testng.internal.Invoker.invokeTestMethod(Invoker.java:869)
	at org.testng.internal.Invoker.invokeTestMethods(Invoker.java:1193)
	at org.testng.internal.TestMethodWorker.invokeTestMethods(TestMethodWorker.java:126)
	at org.testng.internal.TestMethodWorker.run(TestMethodWorker.java:109)
	at org.testng.TestRunner.privateRun(TestRunner.java:744)
	at org.testng.TestRunner.run(TestRunner.java:602)
	at org.testng.SuiteRunner.runTest(SuiteRunner.java:380)
	at org.testng.SuiteRunner.runSequentially(SuiteRunner.java:375)
	at org.testng.SuiteRunner.privateRun(SuiteRunner.java:340)
	at org.testng.SuiteRunner.run(SuiteRunner.java:289)
	at org.testng.SuiteRunnerWorker.runSuite(SuiteRunnerWorker.java:52)
	at org.testng.SuiteRunnerWorker.run(SuiteRunnerWorker.java:86)
	at org.testng.TestNG.runSuitesSequentially(TestNG.java:1301)
	at org.testng.TestNG.runSuitesLocally(TestNG.java:1226)
	at org.testng.TestNG.runSuites(TestNG.java:1144)
	at org.testng.TestNG.run(TestNG.java:1115)
	at org.testng.remote.AbstractRemoteTestNG.run(AbstractRemoteTestNG.java:126)
	at org.testng.remote.RemoteTestNG.initAndRun(RemoteTestNG.java:152)
	at org.testng.remote.RemoteTestNG.main(RemoteTestNG.java:57)
</pre></div></td>
<td>0</td>
<td>mosip.api.scripts.pre_reg_module@2c039ac6</td></tr>
<tr>
<td title='mosip.api.scripts.pre_reg_module.init()'><b>init</b><br>Test class: mosip.api.scripts.pre_reg_module (Mosip_test_DocumentUpload_fn_Progression_Med_2_EqualToFileSize)<br>Parameters: Mosip_test_Application Manager_functional_smoke_HIGH_1_Fetch Application with valid uers ID, com.eviware.soapui.impl.wsdl.WsdlTestSuite@361cd35c</td>
<td><div><pre>java.lang.AssertionError: expected [FINISHED] but found [FAILED]
	at mosip.api.scripts.pre_reg_module.init(pre_reg_module.java:157)
... Removed 30 stack frames</pre></div><a href='#' onClick='toggleBox("stack-trace1572066684", this, "Click to show all stack frames", "Click to hide stack frames")'>Click to show all stack frames</a>
<div class='stack-trace' id='stack-trace1572066684'><pre>java.lang.AssertionError: expected [FINISHED] but found [FAILED]
	at org.testng.Assert.fail(Assert.java:93)
	at org.testng.Assert.failNotEquals(Assert.java:512)
	at org.testng.Assert.assertEqualsImpl(Assert.java:134)
	at org.testng.Assert.assertEquals(Assert.java:115)
	at org.testng.Assert.assertEquals(Assert.java:178)
	at mosip.api.scripts.pre_reg_module.init(pre_reg_module.java:157)
	at sun.reflect.NativeMethodAccessorImpl.invoke0(Native Method)
	at sun.reflect.NativeMethodAccessorImpl.invoke(NativeMethodAccessorImpl.java:62)
	at sun.reflect.DelegatingMethodAccessorImpl.invoke(DelegatingMethodAccessorImpl.java:43)
	at java.lang.reflect.Method.invoke(Method.java:497)
	at org.testng.internal.MethodInvocationHelper.invokeMethod(MethodInvocationHelper.java:108)
	at org.testng.internal.Invoker.invokeMethod(Invoker.java:661)
	at org.testng.internal.Invoker.invokeTestMethod(Invoker.java:869)
	at org.testng.internal.Invoker.invokeTestMethods(Invoker.java:1193)
	at org.testng.internal.TestMethodWorker.invokeTestMethods(TestMethodWorker.java:126)
	at org.testng.internal.TestMethodWorker.run(TestMethodWorker.java:109)
	at org.testng.TestRunner.privateRun(TestRunner.java:744)
	at org.testng.TestRunner.run(TestRunner.java:602)
	at org.testng.SuiteRunner.runTest(SuiteRunner.java:380)
	at org.testng.SuiteRunner.runSequentially(SuiteRunner.java:375)
	at org.testng.SuiteRunner.privateRun(SuiteRunner.java:340)
	at org.testng.SuiteRunner.run(SuiteRunner.java:289)
	at org.testng.SuiteRunnerWorker.runSuite(SuiteRunnerWorker.java:52)
	at org.testng.SuiteRunnerWorker.run(SuiteRunnerWorker.java:86)
	at org.testng.TestNG.runSuitesSequentially(TestNG.java:1301)
	at org.testng.TestNG.runSuitesLocally(TestNG.java:1226)
	at org.testng.TestNG.runSuites(TestNG.java:1144)
	at org.testng.TestNG.run(TestNG.java:1115)
	at org.testng.remote.AbstractRemoteTestNG.run(AbstractRemoteTestNG.java:126)
	at org.testng.remote.RemoteTestNG.initAndRun(RemoteTestNG.java:152)
	at org.testng.remote.RemoteTestNG.main(RemoteTestNG.java:57)
</pre></div></td>
<td>0</td>
<td>mosip.api.scripts.pre_reg_module@2c039ac6</td></tr>
<tr>
<td title='mosip.api.scripts.pre_reg_module.init()'><b>init</b><br>Test class: mosip.api.scripts.pre_reg_module (Mosip_test_DocumentUpload_fn_Progression_Med_2_EqualToFileSize)<br>Parameters: Mosip_test_Application Manager_functional_smoke_HIGH_1_Fetch Application Status valid Pre ID, com.eviware.soapui.impl.wsdl.WsdlTestSuite@7a84788f</td>
<td><div><pre>java.lang.AssertionError: expected [FINISHED] but found [FAILED]
	at mosip.api.scripts.pre_reg_module.init(pre_reg_module.java:157)
... Removed 30 stack frames</pre></div><a href='#' onClick='toggleBox("stack-trace1510333744", this, "Click to show all stack frames", "Click to hide stack frames")'>Click to show all stack frames</a>
<div class='stack-trace' id='stack-trace1510333744'><pre>java.lang.AssertionError: expected [FINISHED] but found [FAILED]
	at org.testng.Assert.fail(Assert.java:93)
	at org.testng.Assert.failNotEquals(Assert.java:512)
	at org.testng.Assert.assertEqualsImpl(Assert.java:134)
	at org.testng.Assert.assertEquals(Assert.java:115)
	at org.testng.Assert.assertEquals(Assert.java:178)
	at mosip.api.scripts.pre_reg_module.init(pre_reg_module.java:157)
	at sun.reflect.NativeMethodAccessorImpl.invoke0(Native Method)
	at sun.reflect.NativeMethodAccessorImpl.invoke(NativeMethodAccessorImpl.java:62)
	at sun.reflect.DelegatingMethodAccessorImpl.invoke(DelegatingMethodAccessorImpl.java:43)
	at java.lang.reflect.Method.invoke(Method.java:497)
	at org.testng.internal.MethodInvocationHelper.invokeMethod(MethodInvocationHelper.java:108)
	at org.testng.internal.Invoker.invokeMethod(Invoker.java:661)
	at org.testng.internal.Invoker.invokeTestMethod(Invoker.java:869)
	at org.testng.internal.Invoker.invokeTestMethods(Invoker.java:1193)
	at org.testng.internal.TestMethodWorker.invokeTestMethods(TestMethodWorker.java:126)
	at org.testng.internal.TestMethodWorker.run(TestMethodWorker.java:109)
	at org.testng.TestRunner.privateRun(TestRunner.java:744)
	at org.testng.TestRunner.run(TestRunner.java:602)
	at org.testng.SuiteRunner.runTest(SuiteRunner.java:380)
	at org.testng.SuiteRunner.runSequentially(SuiteRunner.java:375)
	at org.testng.SuiteRunner.privateRun(SuiteRunner.java:340)
	at org.testng.SuiteRunner.run(SuiteRunner.java:289)
	at org.testng.SuiteRunnerWorker.runSuite(SuiteRunnerWorker.java:52)
	at org.testng.SuiteRunnerWorker.run(SuiteRunnerWorker.java:86)
	at org.testng.TestNG.runSuitesSequentially(TestNG.java:1301)
	at org.testng.TestNG.runSuitesLocally(TestNG.java:1226)
	at org.testng.TestNG.runSuites(TestNG.java:1144)
	at org.testng.TestNG.run(TestNG.java:1115)
	at org.testng.remote.AbstractRemoteTestNG.run(AbstractRemoteTestNG.java:126)
	at org.testng.remote.RemoteTestNG.initAndRun(RemoteTestNG.java:152)
	at org.testng.remote.RemoteTestNG.main(RemoteTestNG.java:57)
</pre></div></td>
<td>0</td>
<td>mosip.api.scripts.pre_reg_module@2c039ac6</td></tr>
<tr>
<td title='mosip.api.scripts.pre_reg_module.init()'><b>init</b><br>Test class: mosip.api.scripts.pre_reg_module (Mosip_test_DocumentUpload_fn_Progression_Med_2_EqualToFileSize)<br>Parameters: Mosip_test_Application Manager_functional_smoke_HIGH_1_Discard individual with panding status, com.eviware.soapui.impl.wsdl.WsdlTestSuite@76c86567</td>
<td><div><pre>java.lang.AssertionError: expected [FINISHED] but found [FAILED]
	at mosip.api.scripts.pre_reg_module.init(pre_reg_module.java:157)
... Removed 30 stack frames</pre></div><a href='#' onClick='toggleBox("stack-trace802270602", this, "Click to show all stack frames", "Click to hide stack frames")'>Click to show all stack frames</a>
<div class='stack-trace' id='stack-trace802270602'><pre>java.lang.AssertionError: expected [FINISHED] but found [FAILED]
	at org.testng.Assert.fail(Assert.java:93)
	at org.testng.Assert.failNotEquals(Assert.java:512)
	at org.testng.Assert.assertEqualsImpl(Assert.java:134)
	at org.testng.Assert.assertEquals(Assert.java:115)
	at org.testng.Assert.assertEquals(Assert.java:178)
	at mosip.api.scripts.pre_reg_module.init(pre_reg_module.java:157)
	at sun.reflect.NativeMethodAccessorImpl.invoke0(Native Method)
	at sun.reflect.NativeMethodAccessorImpl.invoke(NativeMethodAccessorImpl.java:62)
	at sun.reflect.DelegatingMethodAccessorImpl.invoke(DelegatingMethodAccessorImpl.java:43)
	at java.lang.reflect.Method.invoke(Method.java:497)
	at org.testng.internal.MethodInvocationHelper.invokeMethod(MethodInvocationHelper.java:108)
	at org.testng.internal.Invoker.invokeMethod(Invoker.java:661)
	at org.testng.internal.Invoker.invokeTestMethod(Invoker.java:869)
	at org.testng.internal.Invoker.invokeTestMethods(Invoker.java:1193)
	at org.testng.internal.TestMethodWorker.invokeTestMethods(TestMethodWorker.java:126)
	at org.testng.internal.TestMethodWorker.run(TestMethodWorker.java:109)
	at org.testng.TestRunner.privateRun(TestRunner.java:744)
	at org.testng.TestRunner.run(TestRunner.java:602)
	at org.testng.SuiteRunner.runTest(SuiteRunner.java:380)
	at org.testng.SuiteRunner.runSequentially(SuiteRunner.java:375)
	at org.testng.SuiteRunner.privateRun(SuiteRunner.java:340)
	at org.testng.SuiteRunner.run(SuiteRunner.java:289)
	at org.testng.SuiteRunnerWorker.runSuite(SuiteRunnerWorker.java:52)
	at org.testng.SuiteRunnerWorker.run(SuiteRunnerWorker.java:86)
	at org.testng.TestNG.runSuitesSequentially(TestNG.java:1301)
	at org.testng.TestNG.runSuitesLocally(TestNG.java:1226)
	at org.testng.TestNG.runSuites(TestNG.java:1144)
	at org.testng.TestNG.run(TestNG.java:1115)
	at org.testng.remote.AbstractRemoteTestNG.run(AbstractRemoteTestNG.java:126)
	at org.testng.remote.RemoteTestNG.initAndRun(RemoteTestNG.java:152)
	at org.testng.remote.RemoteTestNG.main(RemoteTestNG.java:57)
</pre></div></td>
<td>0</td>
<td>mosip.api.scripts.pre_reg_module@2c039ac6</td></tr>
<tr>
<td title='mosip.api.scripts.pre_reg_module.init()'><b>init</b><br>Test class: mosip.api.scripts.pre_reg_module (Mosip_test_DocumentUpload_fn_Progression_Med_2_EqualToFileSize)<br>Parameters: Mosip_test_ Data Sync_fun_Smoke_HIGH_1_Fetching all Pre Reg ID, com.eviware.soapui.impl.wsdl.WsdlTestSuite@7a31ca20</td>
<td><div><pre>java.lang.AssertionError: expected [FINISHED] but found [FAILED]
	at mosip.api.scripts.pre_reg_module.init(pre_reg_module.java:157)
... Removed 30 stack frames</pre></div><a href='#' onClick='toggleBox("stack-trace1886350630", this, "Click to show all stack frames", "Click to hide stack frames")'>Click to show all stack frames</a>
<div class='stack-trace' id='stack-trace1886350630'><pre>java.lang.AssertionError: expected [FINISHED] but found [FAILED]
	at org.testng.Assert.fail(Assert.java:93)
	at org.testng.Assert.failNotEquals(Assert.java:512)
	at org.testng.Assert.assertEqualsImpl(Assert.java:134)
	at org.testng.Assert.assertEquals(Assert.java:115)
	at org.testng.Assert.assertEquals(Assert.java:178)
	at mosip.api.scripts.pre_reg_module.init(pre_reg_module.java:157)
	at sun.reflect.NativeMethodAccessorImpl.invoke0(Native Method)
	at sun.reflect.NativeMethodAccessorImpl.invoke(NativeMethodAccessorImpl.java:62)
	at sun.reflect.DelegatingMethodAccessorImpl.invoke(DelegatingMethodAccessorImpl.java:43)
	at java.lang.reflect.Method.invoke(Method.java:497)
	at org.testng.internal.MethodInvocationHelper.invokeMethod(MethodInvocationHelper.java:108)
	at org.testng.internal.Invoker.invokeMethod(Invoker.java:661)
	at org.testng.internal.Invoker.invokeTestMethod(Invoker.java:869)
	at org.testng.internal.Invoker.invokeTestMethods(Invoker.java:1193)
	at org.testng.internal.TestMethodWorker.invokeTestMethods(TestMethodWorker.java:126)
	at org.testng.internal.TestMethodWorker.run(TestMethodWorker.java:109)
	at org.testng.TestRunner.privateRun(TestRunner.java:744)
	at org.testng.TestRunner.run(TestRunner.java:602)
	at org.testng.SuiteRunner.runTest(SuiteRunner.java:380)
	at org.testng.SuiteRunner.runSequentially(SuiteRunner.java:375)
	at org.testng.SuiteRunner.privateRun(SuiteRunner.java:340)
	at org.testng.SuiteRunner.run(SuiteRunner.java:289)
	at org.testng.SuiteRunnerWorker.runSuite(SuiteRunnerWorker.java:52)
	at org.testng.SuiteRunnerWorker.run(SuiteRunnerWorker.java:86)
	at org.testng.TestNG.runSuitesSequentially(TestNG.java:1301)
	at org.testng.TestNG.runSuitesLocally(TestNG.java:1226)
	at org.testng.TestNG.runSuites(TestNG.java:1144)
	at org.testng.TestNG.run(TestNG.java:1115)
	at org.testng.remote.AbstractRemoteTestNG.run(AbstractRemoteTestNG.java:126)
	at org.testng.remote.RemoteTestNG.initAndRun(RemoteTestNG.java:152)
	at org.testng.remote.RemoteTestNG.main(RemoteTestNG.java:57)
</pre></div></td>
<td>0</td>
<td>mosip.api.scripts.pre_reg_module@2c039ac6</td></tr>
<tr>
<td title='mosip.api.scripts.pre_reg_module.init()'><b>init</b><br>Test class: mosip.api.scripts.pre_reg_module (Mosip_test_DocumentUpload_fn_Progression_Med_2_EqualToFileSize)<br>Parameters: smoke, com.eviware.soapui.impl.wsdl.WsdlTestSuite@3c81cd82</td>
<td><div><pre>java.lang.AssertionError: expected [FINISHED] but found [FAILED]
	at mosip.api.scripts.pre_reg_module.init(pre_reg_module.java:157)
... Removed 30 stack frames</pre></div><a href='#' onClick='toggleBox("stack-trace79283217", this, "Click to show all stack frames", "Click to hide stack frames")'>Click to show all stack frames</a>
<div class='stack-trace' id='stack-trace79283217'><pre>java.lang.AssertionError: expected [FINISHED] but found [FAILED]
	at org.testng.Assert.fail(Assert.java:93)
	at org.testng.Assert.failNotEquals(Assert.java:512)
	at org.testng.Assert.assertEqualsImpl(Assert.java:134)
	at org.testng.Assert.assertEquals(Assert.java:115)
	at org.testng.Assert.assertEquals(Assert.java:178)
	at mosip.api.scripts.pre_reg_module.init(pre_reg_module.java:157)
	at sun.reflect.NativeMethodAccessorImpl.invoke0(Native Method)
	at sun.reflect.NativeMethodAccessorImpl.invoke(NativeMethodAccessorImpl.java:62)
	at sun.reflect.DelegatingMethodAccessorImpl.invoke(DelegatingMethodAccessorImpl.java:43)
	at java.lang.reflect.Method.invoke(Method.java:497)
	at org.testng.internal.MethodInvocationHelper.invokeMethod(MethodInvocationHelper.java:108)
	at org.testng.internal.Invoker.invokeMethod(Invoker.java:661)
	at org.testng.internal.Invoker.invokeTestMethod(Invoker.java:869)
	at org.testng.internal.Invoker.invokeTestMethods(Invoker.java:1193)
	at org.testng.internal.TestMethodWorker.invokeTestMethods(TestMethodWorker.java:126)
	at org.testng.internal.TestMethodWorker.run(TestMethodWorker.java:109)
	at org.testng.TestRunner.privateRun(TestRunner.java:744)
	at org.testng.TestRunner.run(TestRunner.java:602)
	at org.testng.SuiteRunner.runTest(SuiteRunner.java:380)
	at org.testng.SuiteRunner.runSequentially(SuiteRunner.java:375)
	at org.testng.SuiteRunner.privateRun(SuiteRunner.java:340)
	at org.testng.SuiteRunner.run(SuiteRunner.java:289)
	at org.testng.SuiteRunnerWorker.runSuite(SuiteRunnerWorker.java:52)
	at org.testng.SuiteRunnerWorker.run(SuiteRunnerWorker.java:86)
	at org.testng.TestNG.runSuitesSequentially(TestNG.java:1301)
	at org.testng.TestNG.runSuitesLocally(TestNG.java:1226)
	at org.testng.TestNG.runSuites(TestNG.java:1144)
	at org.testng.TestNG.run(TestNG.java:1115)
	at org.testng.remote.AbstractRemoteTestNG.run(AbstractRemoteTestNG.java:126)
	at org.testng.remote.RemoteTestNG.initAndRun(RemoteTestNG.java:152)
	at org.testng.remote.RemoteTestNG.main(RemoteTestNG.java:57)
</pre></div></td>
<td>0</td>
<td>mosip.api.scripts.pre_reg_module@2c039ac6</td></tr>
<tr>
<td title='mosip.api.scripts.kernel_module.init1()'><b>init1</b><br>Test class: mosip.api.scripts.kernel_module (4_2_2_OTPmanager_MOS_35_36_Progression_Key_with_3 digits)<br>Parameters: 4_2_3_OTPmanager_MOS_423_Progression_Validating_Blocked_Key, com.eviware.soapui.impl.wsdl.WsdlTestSuite@1de4bee0</td>
<td><div><pre>java.lang.AssertionError: expected [FINISHED] but found [FAILED]
	at mosip.api.scripts.kernel_module.init1(kernel_module.java:294)
... Removed 30 stack frames</pre></div><a href='#' onClick='toggleBox("stack-trace476179877", this, "Click to show all stack frames", "Click to hide stack frames")'>Click to show all stack frames</a>
<div class='stack-trace' id='stack-trace476179877'><pre>java.lang.AssertionError: expected [FINISHED] but found [FAILED]
	at org.testng.Assert.fail(Assert.java:93)
	at org.testng.Assert.failNotEquals(Assert.java:512)
	at org.testng.Assert.assertEqualsImpl(Assert.java:134)
	at org.testng.Assert.assertEquals(Assert.java:115)
	at org.testng.Assert.assertEquals(Assert.java:178)
	at mosip.api.scripts.kernel_module.init1(kernel_module.java:294)
	at sun.reflect.NativeMethodAccessorImpl.invoke0(Native Method)
	at sun.reflect.NativeMethodAccessorImpl.invoke(NativeMethodAccessorImpl.java:62)
	at sun.reflect.DelegatingMethodAccessorImpl.invoke(DelegatingMethodAccessorImpl.java:43)
	at java.lang.reflect.Method.invoke(Method.java:497)
	at org.testng.internal.MethodInvocationHelper.invokeMethod(MethodInvocationHelper.java:108)
	at org.testng.internal.Invoker.invokeMethod(Invoker.java:661)
	at org.testng.internal.Invoker.invokeTestMethod(Invoker.java:869)
	at org.testng.internal.Invoker.invokeTestMethods(Invoker.java:1193)
	at org.testng.internal.TestMethodWorker.invokeTestMethods(TestMethodWorker.java:126)
	at org.testng.internal.TestMethodWorker.run(TestMethodWorker.java:109)
	at org.testng.TestRunner.privateRun(TestRunner.java:744)
	at org.testng.TestRunner.run(TestRunner.java:602)
	at org.testng.SuiteRunner.runTest(SuiteRunner.java:380)
	at org.testng.SuiteRunner.runSequentially(SuiteRunner.java:375)
	at org.testng.SuiteRunner.privateRun(SuiteRunner.java:340)
	at org.testng.SuiteRunner.run(SuiteRunner.java:289)
	at org.testng.SuiteRunnerWorker.runSuite(SuiteRunnerWorker.java:52)
	at org.testng.SuiteRunnerWorker.run(SuiteRunnerWorker.java:86)
	at org.testng.TestNG.runSuitesSequentially(TestNG.java:1301)
	at org.testng.TestNG.runSuitesLocally(TestNG.java:1226)
	at org.testng.TestNG.runSuites(TestNG.java:1144)
	at org.testng.TestNG.run(TestNG.java:1115)
	at org.testng.remote.AbstractRemoteTestNG.run(AbstractRemoteTestNG.java:126)
	at org.testng.remote.RemoteTestNG.initAndRun(RemoteTestNG.java:152)
	at org.testng.remote.RemoteTestNG.main(RemoteTestNG.java:57)
</pre></div></td>
<td>1</td>
<td>mosip.api.scripts.kernel_module@9a7504c</td></tr>
<tr>
<td title='mosip.api.scripts.pre_reg_module.init1()'><b>init1</b><br>Test class: mosip.api.scripts.pre_reg_module (Mosip_test_DocumentUpload_fn_Progression_Med_2_EqualToFileSize)<br>Parameters: Mosip_test_Application Manager_functional_progression_HIGH_4_Create Pre-Registration without passing any value, com.eviware.soapui.impl.wsdl.WsdlTestSuite@66451058</td>
<td><div><pre>java.lang.AssertionError: expected [FINISHED] but found [FAILED]
	at mosip.api.scripts.pre_reg_module.init1(pre_reg_module.java:294)
... Removed 30 stack frames</pre></div><a href='#' onClick='toggleBox("stack-trace636536295", this, "Click to show all stack frames", "Click to hide stack frames")'>Click to show all stack frames</a>
<div class='stack-trace' id='stack-trace636536295'><pre>java.lang.AssertionError: expected [FINISHED] but found [FAILED]
	at org.testng.Assert.fail(Assert.java:93)
	at org.testng.Assert.failNotEquals(Assert.java:512)
	at org.testng.Assert.assertEqualsImpl(Assert.java:134)
	at org.testng.Assert.assertEquals(Assert.java:115)
	at org.testng.Assert.assertEquals(Assert.java:178)
	at mosip.api.scripts.pre_reg_module.init1(pre_reg_module.java:294)
	at sun.reflect.NativeMethodAccessorImpl.invoke0(Native Method)
	at sun.reflect.NativeMethodAccessorImpl.invoke(NativeMethodAccessorImpl.java:62)
	at sun.reflect.DelegatingMethodAccessorImpl.invoke(DelegatingMethodAccessorImpl.java:43)
	at java.lang.reflect.Method.invoke(Method.java:497)
	at org.testng.internal.MethodInvocationHelper.invokeMethod(MethodInvocationHelper.java:108)
	at org.testng.internal.Invoker.invokeMethod(Invoker.java:661)
	at org.testng.internal.Invoker.invokeTestMethod(Invoker.java:869)
	at org.testng.internal.Invoker.invokeTestMethods(Invoker.java:1193)
	at org.testng.internal.TestMethodWorker.invokeTestMethods(TestMethodWorker.java:126)
	at org.testng.internal.TestMethodWorker.run(TestMethodWorker.java:109)
	at org.testng.TestRunner.privateRun(TestRunner.java:744)
	at org.testng.TestRunner.run(TestRunner.java:602)
	at org.testng.SuiteRunner.runTest(SuiteRunner.java:380)
	at org.testng.SuiteRunner.runSequentially(SuiteRunner.java:375)
	at org.testng.SuiteRunner.privateRun(SuiteRunner.java:340)
	at org.testng.SuiteRunner.run(SuiteRunner.java:289)
	at org.testng.SuiteRunnerWorker.runSuite(SuiteRunnerWorker.java:52)
	at org.testng.SuiteRunnerWorker.run(SuiteRunnerWorker.java:86)
	at org.testng.TestNG.runSuitesSequentially(TestNG.java:1301)
	at org.testng.TestNG.runSuitesLocally(TestNG.java:1226)
	at org.testng.TestNG.runSuites(TestNG.java:1144)
	at org.testng.TestNG.run(TestNG.java:1115)
	at org.testng.remote.AbstractRemoteTestNG.run(AbstractRemoteTestNG.java:126)
	at org.testng.remote.RemoteTestNG.initAndRun(RemoteTestNG.java:152)
	at org.testng.remote.RemoteTestNG.main(RemoteTestNG.java:57)
</pre></div></td>
<td>0</td>
<td>mosip.api.scripts.pre_reg_module@2c039ac6</td></tr>
<tr>
<td title='mosip.api.scripts.pre_reg_module.init1()'><b>init1</b><br>Test class: mosip.api.scripts.pre_reg_module (Mosip_test_DocumentUpload_fn_Progression_Med_2_EqualToFileSize)<br>Parameters: Mosip_test_Application Manager_functional_progression_HIGH_2_Fetch Application with invalid uers ID, com.eviware.soapui.impl.wsdl.WsdlTestSuite@65f3e805</td>
<td><div><pre>java.lang.AssertionError: expected [FINISHED] but found [FAILED]
	at mosip.api.scripts.pre_reg_module.init1(pre_reg_module.java:294)
... Removed 30 stack frames</pre></div><a href='#' onClick='toggleBox("stack-trace1794893473", this, "Click to show all stack frames", "Click to hide stack frames")'>Click to show all stack frames</a>
<div class='stack-trace' id='stack-trace1794893473'><pre>java.lang.AssertionError: expected [FINISHED] but found [FAILED]
	at org.testng.Assert.fail(Assert.java:93)
	at org.testng.Assert.failNotEquals(Assert.java:512)
	at org.testng.Assert.assertEqualsImpl(Assert.java:134)
	at org.testng.Assert.assertEquals(Assert.java:115)
	at org.testng.Assert.assertEquals(Assert.java:178)
	at mosip.api.scripts.pre_reg_module.init1(pre_reg_module.java:294)
	at sun.reflect.NativeMethodAccessorImpl.invoke0(Native Method)
	at sun.reflect.NativeMethodAccessorImpl.invoke(NativeMethodAccessorImpl.java:62)
	at sun.reflect.DelegatingMethodAccessorImpl.invoke(DelegatingMethodAccessorImpl.java:43)
	at java.lang.reflect.Method.invoke(Method.java:497)
	at org.testng.internal.MethodInvocationHelper.invokeMethod(MethodInvocationHelper.java:108)
	at org.testng.internal.Invoker.invokeMethod(Invoker.java:661)
	at org.testng.internal.Invoker.invokeTestMethod(Invoker.java:869)
	at org.testng.internal.Invoker.invokeTestMethods(Invoker.java:1193)
	at org.testng.internal.TestMethodWorker.invokeTestMethods(TestMethodWorker.java:126)
	at org.testng.internal.TestMethodWorker.run(TestMethodWorker.java:109)
	at org.testng.TestRunner.privateRun(TestRunner.java:744)
	at org.testng.TestRunner.run(TestRunner.java:602)
	at org.testng.SuiteRunner.runTest(SuiteRunner.java:380)
	at org.testng.SuiteRunner.runSequentially(SuiteRunner.java:375)
	at org.testng.SuiteRunner.privateRun(SuiteRunner.java:340)
	at org.testng.SuiteRunner.run(SuiteRunner.java:289)
	at org.testng.SuiteRunnerWorker.runSuite(SuiteRunnerWorker.java:52)
	at org.testng.SuiteRunnerWorker.run(SuiteRunnerWorker.java:86)
	at org.testng.TestNG.runSuitesSequentially(TestNG.java:1301)
	at org.testng.TestNG.runSuitesLocally(TestNG.java:1226)
	at org.testng.TestNG.runSuites(TestNG.java:1144)
	at org.testng.TestNG.run(TestNG.java:1115)
	at org.testng.remote.AbstractRemoteTestNG.run(AbstractRemoteTestNG.java:126)
	at org.testng.remote.RemoteTestNG.initAndRun(RemoteTestNG.java:152)
	at org.testng.remote.RemoteTestNG.main(RemoteTestNG.java:57)
</pre></div></td>
<td>0</td>
<td>mosip.api.scripts.pre_reg_module@2c039ac6</td></tr>
<tr>
<td title='mosip.api.scripts.pre_reg_module.init1()'><b>init1</b><br>Test class: mosip.api.scripts.pre_reg_module (Mosip_test_DocumentUpload_fn_Progression_Med_2_EqualToFileSize)<br>Parameters: Mosip_test_Application Manager_functional__Progression_HIGH_2_Discard individual with Booked Status, com.eviware.soapui.impl.wsdl.WsdlTestSuite@1abcd059</td>
<td><div><pre>java.lang.AssertionError: expected [FINISHED] but found [FAILED]
	at mosip.api.scripts.pre_reg_module.init1(pre_reg_module.java:294)
... Removed 30 stack frames</pre></div><a href='#' onClick='toggleBox("stack-trace1587279684", this, "Click to show all stack frames", "Click to hide stack frames")'>Click to show all stack frames</a>
<div class='stack-trace' id='stack-trace1587279684'><pre>java.lang.AssertionError: expected [FINISHED] but found [FAILED]
	at org.testng.Assert.fail(Assert.java:93)
	at org.testng.Assert.failNotEquals(Assert.java:512)
	at org.testng.Assert.assertEqualsImpl(Assert.java:134)
	at org.testng.Assert.assertEquals(Assert.java:115)
	at org.testng.Assert.assertEquals(Assert.java:178)
	at mosip.api.scripts.pre_reg_module.init1(pre_reg_module.java:294)
	at sun.reflect.NativeMethodAccessorImpl.invoke0(Native Method)
	at sun.reflect.NativeMethodAccessorImpl.invoke(NativeMethodAccessorImpl.java:62)
	at sun.reflect.DelegatingMethodAccessorImpl.invoke(DelegatingMethodAccessorImpl.java:43)
	at java.lang.reflect.Method.invoke(Method.java:497)
	at org.testng.internal.MethodInvocationHelper.invokeMethod(MethodInvocationHelper.java:108)
	at org.testng.internal.Invoker.invokeMethod(Invoker.java:661)
	at org.testng.internal.Invoker.invokeTestMethod(Invoker.java:869)
	at org.testng.internal.Invoker.invokeTestMethods(Invoker.java:1193)
	at org.testng.internal.TestMethodWorker.invokeTestMethods(TestMethodWorker.java:126)
	at org.testng.internal.TestMethodWorker.run(TestMethodWorker.java:109)
	at org.testng.TestRunner.privateRun(TestRunner.java:744)
	at org.testng.TestRunner.run(TestRunner.java:602)
	at org.testng.SuiteRunner.runTest(SuiteRunner.java:380)
	at org.testng.SuiteRunner.runSequentially(SuiteRunner.java:375)
	at org.testng.SuiteRunner.privateRun(SuiteRunner.java:340)
	at org.testng.SuiteRunner.run(SuiteRunner.java:289)
	at org.testng.SuiteRunnerWorker.runSuite(SuiteRunnerWorker.java:52)
	at org.testng.SuiteRunnerWorker.run(SuiteRunnerWorker.java:86)
	at org.testng.TestNG.runSuitesSequentially(TestNG.java:1301)
	at org.testng.TestNG.runSuitesLocally(TestNG.java:1226)
	at org.testng.TestNG.runSuites(TestNG.java:1144)
	at org.testng.TestNG.run(TestNG.java:1115)
	at org.testng.remote.AbstractRemoteTestNG.run(AbstractRemoteTestNG.java:126)
	at org.testng.remote.RemoteTestNG.initAndRun(RemoteTestNG.java:152)
	at org.testng.remote.RemoteTestNG.main(RemoteTestNG.java:57)
</pre></div></td>
<td>0</td>
<td>mosip.api.scripts.pre_reg_module@2c039ac6</td></tr>
<tr>
<td title='mosip.api.scripts.pre_reg_module.init1()'><b>init1</b><br>Test class: mosip.api.scripts.pre_reg_module (Mosip_test_DocumentUpload_fn_Progression_Med_2_EqualToFileSize)<br>Parameters: Mosip_test_Application Manager_functional__Progression_HIGH_3_Discard individual with Expired Status, com.eviware.soapui.impl.wsdl.WsdlTestSuite@1abcd059</td>
<td><div><pre>java.lang.AssertionError: expected [FINISHED] but found [FAILED]
	at mosip.api.scripts.pre_reg_module.init1(pre_reg_module.java:294)
... Removed 30 stack frames</pre></div><a href='#' onClick='toggleBox("stack-trace671078904", this, "Click to show all stack frames", "Click to hide stack frames")'>Click to show all stack frames</a>
<div class='stack-trace' id='stack-trace671078904'><pre>java.lang.AssertionError: expected [FINISHED] but found [FAILED]
	at org.testng.Assert.fail(Assert.java:93)
	at org.testng.Assert.failNotEquals(Assert.java:512)
	at org.testng.Assert.assertEqualsImpl(Assert.java:134)
	at org.testng.Assert.assertEquals(Assert.java:115)
	at org.testng.Assert.assertEquals(Assert.java:178)
	at mosip.api.scripts.pre_reg_module.init1(pre_reg_module.java:294)
	at sun.reflect.NativeMethodAccessorImpl.invoke0(Native Method)
	at sun.reflect.NativeMethodAccessorImpl.invoke(NativeMethodAccessorImpl.java:62)
	at sun.reflect.DelegatingMethodAccessorImpl.invoke(DelegatingMethodAccessorImpl.java:43)
	at java.lang.reflect.Method.invoke(Method.java:497)
	at org.testng.internal.MethodInvocationHelper.invokeMethod(MethodInvocationHelper.java:108)
	at org.testng.internal.Invoker.invokeMethod(Invoker.java:661)
	at org.testng.internal.Invoker.invokeTestMethod(Invoker.java:869)
	at org.testng.internal.Invoker.invokeTestMethods(Invoker.java:1193)
	at org.testng.internal.TestMethodWorker.invokeTestMethods(TestMethodWorker.java:126)
	at org.testng.internal.TestMethodWorker.run(TestMethodWorker.java:109)
	at org.testng.TestRunner.privateRun(TestRunner.java:744)
	at org.testng.TestRunner.run(TestRunner.java:602)
	at org.testng.SuiteRunner.runTest(SuiteRunner.java:380)
	at org.testng.SuiteRunner.runSequentially(SuiteRunner.java:375)
	at org.testng.SuiteRunner.privateRun(SuiteRunner.java:340)
	at org.testng.SuiteRunner.run(SuiteRunner.java:289)
	at org.testng.SuiteRunnerWorker.runSuite(SuiteRunnerWorker.java:52)
	at org.testng.SuiteRunnerWorker.run(SuiteRunnerWorker.java:86)
	at org.testng.TestNG.runSuitesSequentially(TestNG.java:1301)
	at org.testng.TestNG.runSuitesLocally(TestNG.java:1226)
	at org.testng.TestNG.runSuites(TestNG.java:1144)
	at org.testng.TestNG.run(TestNG.java:1115)
	at org.testng.remote.AbstractRemoteTestNG.run(AbstractRemoteTestNG.java:126)
	at org.testng.remote.RemoteTestNG.initAndRun(RemoteTestNG.java:152)
	at org.testng.remote.RemoteTestNG.main(RemoteTestNG.java:57)
</pre></div></td>
<td>0</td>
<td>mosip.api.scripts.pre_reg_module@2c039ac6</td></tr>
</table><p>
<table width='100%' border='1' class='invocation-passed'>
<tr><td colspan='4' align='center'><b>PASSED TESTS</b></td></tr>
<tr><td><b>Test method</b></td>
<td width="30%"><b>Exception</b></td>
<td width="10%"><b>Time (seconds)</b></td>
<td><b>Instance</b></td>
</tr>
<tr>
<td title='mosip.api.scripts.kernel_module.init()'><b>init</b><br>Test class: mosip.api.scripts.kernel_module (4_2_2_OTPmanager_MOS_35_36_Progression_Key_with_3 digits)<br>Parameters: init, com.eviware.soapui.impl.wsdl.WsdlTestSuite@621f89b8</td>
<td></td>
<td>1</td>
<td>mosip.api.scripts.kernel_module@9a7504c</td></tr>
<tr>
<td title='mosip.api.scripts.kernel_module.init()'><b>init</b><br>Test class: mosip.api.scripts.kernel_module (4_2_2_OTPmanager_MOS_35_36_Progression_Key_with_3 digits)<br>Parameters: 4_2_1_AuditManager_MOS_441_829_smoke_ValidatingAuditManager, com.eviware.soapui.impl.wsdl.WsdlTestSuite@621f89b8</td>
<td></td>
<td>1</td>
<td>mosip.api.scripts.kernel_module@9a7504c</td></tr>
<tr>
<td title='mosip.api.scripts.kernel_module.init()'><b>init</b><br>Test class: mosip.api.scripts.kernel_module (4_2_2_OTPmanager_MOS_35_36_Progression_Key_with_3 digits)<br>Parameters: 4_2_3_AuditManager_MOS_441_829_smoke_ActiontimeStampMissing, com.eviware.soapui.impl.wsdl.WsdlTestSuite@621f89b8</td>
<td></td>
<td>0</td>
<td>mosip.api.scripts.kernel_module@9a7504c</td></tr>
<tr>
<td title='mosip.api.scripts.kernel_module.init()'><b>init</b><br>Test class: mosip.api.scripts.kernel_module (4_2_2_OTPmanager_MOS_35_36_Progression_Key_with_3 digits)<br>Parameters: 4_2_3_AuditManager_MOS_441_829_smoke_sessionUserIdMissing, com.eviware.soapui.impl.wsdl.WsdlTestSuite@621f89b8</td>
<td></td>
<td>0</td>
<td>mosip.api.scripts.kernel_module@9a7504c</td></tr>
<tr>
<td title='mosip.api.scripts.kernel_module.init()'><b>init</b><br>Test class: mosip.api.scripts.kernel_module (4_2_2_OTPmanager_MOS_35_36_Progression_Key_with_3 digits)<br>Parameters: 4_2_3_AuditManager_MOS_441_829_smoke_idType_Missing, com.eviware.soapui.impl.wsdl.WsdlTestSuite@621f89b8</td>
<td></td>
<td>0</td>
<td>mosip.api.scripts.kernel_module@9a7504c</td></tr>
<tr>
<td title='mosip.api.scripts.kernel_module.init()'><b>init</b><br>Test class: mosip.api.scripts.kernel_module (4_2_2_OTPmanager_MOS_35_36_Progression_Key_with_3 digits)<br>Parameters: init, com.eviware.soapui.impl.wsdl.WsdlTestSuite@3e906375</td>
<td></td>
<td>0</td>
<td>mosip.api.scripts.kernel_module@9a7504c</td></tr>
<tr>
<td title='mosip.api.scripts.kernel_module.init()'><b>init</b><br>Test class: mosip.api.scripts.kernel_module (4_2_2_OTPmanager_MOS_35_36_Progression_Key_with_3 digits)<br>Parameters: 4_2_3_sms_MOS-961_smoke_trigger sms with valid Inputs, com.eviware.soapui.impl.wsdl.WsdlTestSuite@3e906375</td>
<td></td>
<td>0</td>
<td>mosip.api.scripts.kernel_module@9a7504c</td></tr>
<tr>
<td title='mosip.api.scripts.kernel_module.init()'><b>init</b><br>Test class: mosip.api.scripts.kernel_module (4_2_2_OTPmanager_MOS_35_36_Progression_Key_with_3 digits)<br>Parameters: init, com.eviware.soapui.impl.wsdl.WsdlTestSuite@3468ee6e</td>
<td></td>
<td>0</td>
<td>mosip.api.scripts.kernel_module@9a7504c</td></tr>
<tr>
<td title='mosip.api.scripts.kernel_module.init()'><b>init</b><br>Test class: mosip.api.scripts.kernel_module (4_2_2_OTPmanager_MOS_35_36_Progression_Key_with_3 digits)<br>Parameters: 4_2_3_sms_MOS-973_smoke_trigger email with mandatory fields, com.eviware.soapui.impl.wsdl.WsdlTestSuite@3468ee6e</td>
<td></td>
<td>0</td>
<td>mosip.api.scripts.kernel_module@9a7504c</td></tr>
<tr>
<td title='mosip.api.scripts.kernel_module.init()'><b>init</b><br>Test class: mosip.api.scripts.kernel_module (4_2_2_OTPmanager_MOS_35_36_Progression_Key_with_3 digits)<br>Parameters: 4_2_3_sms_MOS-973_smoke_trigger email with empty content, com.eviware.soapui.impl.wsdl.WsdlTestSuite@3468ee6e</td>
<td></td>
<td>0</td>
<td>mosip.api.scripts.kernel_module@9a7504c</td></tr>
<tr>
<td title='mosip.api.scripts.kernel_module.init()'><b>init</b><br>Test class: mosip.api.scripts.kernel_module (4_2_2_OTPmanager_MOS_35_36_Progression_Key_with_3 digits)<br>Parameters: init, com.eviware.soapui.impl.wsdl.WsdlTestSuite@3f81621c</td>
<td></td>
<td>0</td>
<td>mosip.api.scripts.kernel_module@9a7504c</td></tr>
<tr>
<td title='mosip.api.scripts.kernel_module.init()'><b>init</b><br>Test class: mosip.api.scripts.kernel_module (4_2_2_OTPmanager_MOS_35_36_Progression_Key_with_3 digits)<br>Parameters: 4_2_3_OTPmanager_MOS_33_smoke_otp generation with valid key, com.eviware.soapui.impl.wsdl.WsdlTestSuite@3f81621c</td>
<td></td>
<td>0</td>
<td>mosip.api.scripts.kernel_module@9a7504c</td></tr>
<tr>
<td title='mosip.api.scripts.pre_reg_module.init()'><b>init</b><br>Test class: mosip.api.scripts.pre_reg_module (Mosip_test_DocumentUpload_fn_Progression_Med_2_EqualToFileSize)<br>Parameters: init, com.eviware.soapui.impl.wsdl.WsdlTestSuite@4962b41e</td>
<td></td>
<td>0</td>
<td>mosip.api.scripts.pre_reg_module@2c039ac6</td></tr>
<tr>
<td title='mosip.api.scripts.pre_reg_module.init()'><b>init</b><br>Test class: mosip.api.scripts.pre_reg_module (Mosip_test_DocumentUpload_fn_Progression_Med_2_EqualToFileSize)<br>Parameters: init, com.eviware.soapui.impl.wsdl.WsdlTestSuite@361cd35c</td>
<td></td>
<td>0</td>
<td>mosip.api.scripts.pre_reg_module@2c039ac6</td></tr>
<tr>
<td title='mosip.api.scripts.pre_reg_module.init()'><b>init</b><br>Test class: mosip.api.scripts.pre_reg_module (Mosip_test_DocumentUpload_fn_Progression_Med_2_EqualToFileSize)<br>Parameters: init, com.eviware.soapui.impl.wsdl.WsdlTestSuite@7a84788f</td>
<td></td>
<td>0</td>
<td>mosip.api.scripts.pre_reg_module@2c039ac6</td></tr>
<tr>
<td title='mosip.api.scripts.pre_reg_module.init()'><b>init</b><br>Test class: mosip.api.scripts.pre_reg_module (Mosip_test_DocumentUpload_fn_Progression_Med_2_EqualToFileSize)<br>Parameters: init, com.eviware.soapui.impl.wsdl.WsdlTestSuite@76c86567</td>
<td></td>
<td>0</td>
<td>mosip.api.scripts.pre_reg_module@2c039ac6</td></tr>
<tr>
<td title='mosip.api.scripts.pre_reg_module.init()'><b>init</b><br>Test class: mosip.api.scripts.pre_reg_module (Mosip_test_DocumentUpload_fn_Progression_Med_2_EqualToFileSize)<br>Parameters: init, com.eviware.soapui.impl.wsdl.WsdlTestSuite@7a31ca20</td>
<td></td>
<td>0</td>
<td>mosip.api.scripts.pre_reg_module@2c039ac6</td></tr>
<tr>
<td title='mosip.api.scripts.pre_reg_module.init()'><b>init</b><br>Test class: mosip.api.scripts.pre_reg_module (Mosip_test_DocumentUpload_fn_Progression_Med_2_EqualToFileSize)<br>Parameters: init, com.eviware.soapui.impl.wsdl.WsdlTestSuite@3c81cd82</td>
<td></td>
<td>0</td>
<td>mosip.api.scripts.pre_reg_module@2c039ac6</td></tr>
<tr>
<td title='mosip.api.scripts.pre_reg_module.init()'><b>init</b><br>Test class: mosip.api.scripts.pre_reg_module (Mosip_test_DocumentUpload_fn_Progression_Med_2_EqualToFileSize)<br>Parameters: init, com.eviware.soapui.impl.wsdl.WsdlTestSuite@69ec93c2</td>
<td></td>
<td>0</td>
<td>mosip.api.scripts.pre_reg_module@2c039ac6</td></tr>
<tr>
<td title='mosip.api.scripts.pre_reg_module.init()'><b>init</b><br>Test class: mosip.api.scripts.pre_reg_module (Mosip_test_DocumentUpload_fn_Progression_Med_2_EqualToFileSize)<br>Parameters: Mosip_test_DocumentUpload_fn_smoke_High_1_DocumentUpload, com.eviware.soapui.impl.wsdl.WsdlTestSuite@69ec93c2</td>
<td></td>
<td>0</td>
<td>mosip.api.scripts.pre_reg_module@2c039ac6</td></tr>
<tr>
<td title='mosip.api.scripts.kernel_module.init1()'><b>init1</b><br>Test class: mosip.api.scripts.kernel_module (4_2_2_OTPmanager_MOS_35_36_Progression_Key_with_3 digits)<br>Parameters: 4_2_3_AuditManager_MOS_441_829_Progression_EventNameMissing, com.eviware.soapui.impl.wsdl.WsdlTestSuite@f171912</td>
<td></td>
<td>0</td>
<td>mosip.api.scripts.kernel_module@9a7504c</td></tr>
<tr>
<td title='mosip.api.scripts.kernel_module.init1()'><b>init1</b><br>Test class: mosip.api.scripts.kernel_module (4_2_2_OTPmanager_MOS_35_36_Progression_Key_with_3 digits)<br>Parameters: 4_2_3_AuditManager_MOS_441_829_Progression_EventTypeMissing, com.eviware.soapui.impl.wsdl.WsdlTestSuite@f171912</td>
<td></td>
<td>0</td>
<td>mosip.api.scripts.kernel_module@9a7504c</td></tr>
<tr>
<td title='mosip.api.scripts.kernel_module.init1()'><b>init1</b><br>Test class: mosip.api.scripts.kernel_module (4_2_2_OTPmanager_MOS_35_36_Progression_Key_with_3 digits)<br>Parameters: 4_2_3_sms_MOS-973_Progression_trigger email with empty receiver, com.eviware.soapui.impl.wsdl.WsdlTestSuite@2574a9e3</td>
<td></td>
<td>0</td>
<td>mosip.api.scripts.kernel_module@9a7504c</td></tr>
<tr>
<td title='mosip.api.scripts.kernel_module.init1()'><b>init1</b><br>Test class: mosip.api.scripts.kernel_module (4_2_2_OTPmanager_MOS_35_36_Progression_Key_with_3 digits)<br>Parameters: 4_2_3_sms_MOS-973_Progression_trigger email with empty subject, com.eviware.soapui.impl.wsdl.WsdlTestSuite@2574a9e3</td>
<td></td>
<td>0</td>
<td>mosip.api.scripts.kernel_module@9a7504c</td></tr>
<tr>
<td title='mosip.api.scripts.kernel_module.init1()'><b>init1</b><br>Test class: mosip.api.scripts.kernel_module (4_2_2_OTPmanager_MOS_35_36_Progression_Key_with_3 digits)<br>Parameters: 4_2_3_Progression_OTPmanager_MOS_33_Verify key present in otp table after otp generation, com.eviware.soapui.impl.wsdl.WsdlTestSuite@1de4bee0</td>
<td></td>
<td>0</td>
<td>mosip.api.scripts.kernel_module@9a7504c</td></tr>
<tr>
<td title='mosip.api.scripts.kernel_module.init1()'><b>init1</b><br>Test class: mosip.api.scripts.kernel_module (4_2_2_OTPmanager_MOS_35_36_Progression_Key_with_3 digits)<br>Parameters: 4_2_3_OTPmanager_MOS_33_Progression_otp should not be less than 6 digit, com.eviware.soapui.impl.wsdl.WsdlTestSuite@1de4bee0</td>
<td></td>
<td>0</td>
<td>mosip.api.scripts.kernel_module@9a7504c</td></tr>
<tr>
<td title='mosip.api.scripts.kernel_module.init1()'><b>init1</b><br>Test class: mosip.api.scripts.kernel_module (4_2_2_OTPmanager_MOS_35_36_Progression_Key_with_3 digits)<br>Parameters: 4_2_3_OTPmanager_MOS_35_36_Progression_Validating_invalid_Key, com.eviware.soapui.impl.wsdl.WsdlTestSuite@1de4bee0</td>
<td></td>
<td>0</td>
<td>mosip.api.scripts.kernel_module@9a7504c</td></tr>
<tr>
<td title='mosip.api.scripts.kernel_module.init1()'><b>init1</b><br>Test class: mosip.api.scripts.kernel_module (4_2_2_OTPmanager_MOS_35_36_Progression_Key_with_3 digits)<br>Parameters: 4_2_3_OTPmanager_MOS_35_36_Progression_Number_with_sp_chars, com.eviware.soapui.impl.wsdl.WsdlTestSuite@1de4bee0</td>
<td></td>
<td>2</td>
<td>mosip.api.scripts.kernel_module@9a7504c</td></tr>
<tr>
<td title='mosip.api.scripts.kernel_module.init1()'><b>init1</b><br>Test class: mosip.api.scripts.kernel_module (4_2_2_OTPmanager_MOS_35_36_Progression_Key_with_3 digits)<br>Parameters: 4_2_2_OTPmanager_MOS_35_36_Progression_Key_with_3 digits, com.eviware.soapui.impl.wsdl.WsdlTestSuite@1de4bee0</td>
<td></td>
<td>0</td>
<td>mosip.api.scripts.kernel_module@9a7504c</td></tr>
<tr>
<td title='mosip.api.scripts.pre_reg_module.init1()'><b>init1</b><br>Test class: mosip.api.scripts.pre_reg_module (Mosip_test_DocumentUpload_fn_Progression_Med_2_EqualToFileSize)<br>Parameters: Mosip_test_DocuemntUpload_fn_Progression_High_1_ValidDocumentUpload, com.eviware.soapui.impl.wsdl.WsdlTestSuite@17216605</td>
<td></td>
<td>4</td>
<td>mosip.api.scripts.pre_reg_module@2c039ac6</td></tr>
<tr>
<td title='mosip.api.scripts.pre_reg_module.init1()'><b>init1</b><br>Test class: mosip.api.scripts.pre_reg_module (Mosip_test_DocumentUpload_fn_Progression_Med_2_EqualToFileSize)<br>Parameters: Mosip_test_DocumentUpload_fn_Progression_Med_2_EqualToFileSize, com.eviware.soapui.impl.wsdl.WsdlTestSuite@17216605</td>
<td></td>
<td>1</td>
<td>mosip.api.scripts.pre_reg_module@2c039ac6</td></tr>
</table><p>
</body>
</html>